{
  "stats": {
    "suites": 15,
    "tests": 27,
    "passes": 27,
    "pending": 0,
    "failures": 0,
    "start": "2021-03-09T08:46:48.933Z",
    "end": "2021-03-09T08:46:51.616Z",
    "duration": 2683,
    "testsRegistered": 27,
    "passPercent": 100,
    "pendingPercent": 0,
    "other": 0,
    "hasOther": false,
    "skipped": 0,
    "hasSkipped": false
  },
  "results": [
    {
      "uuid": "b42847cd-e9a7-4f53-96f2-a2555853376d",
      "title": "",
      "fullFile": "",
      "file": "",
      "beforeHooks": [],
      "afterHooks": [],
      "tests": [],
      "suites": [
        {
          "uuid": "3dcf80ed-e18d-4c99-a0bd-0de43f8d2e45",
          "title": "postCard.vue",
          "fullFile": "F:\\ECE_651\\Project_dev\\ece651-project\\vue-project\\dist\\js\\main.js",
          "file": "\\dist\\js\\main.js",
          "beforeHooks": [
            {
              "title": "\"before each\" hook",
              "fullTitle": "postCard.vue \"before each\" hook",
              "timedOut": false,
              "duration": 3,
              "state": null,
              "speed": null,
              "pass": false,
              "fail": false,
              "pending": false,
              "context": null,
              "code": "// Contruct virtual vuex\ngetters = {\n  \"loginInfo/getLUName\": () => name,\n}\nstore = new vuex__WEBPACK_IMPORTED_MODULE_2__[\"default\"].Store({\n  getters\n})",
              "err": {},
              "uuid": "89dce227-a4a0-474a-8b8d-608dd2b6e67f",
              "parentUUID": "3dcf80ed-e18d-4c99-a0bd-0de43f8d2e45",
              "isHook": true,
              "skipped": false
            }
          ],
          "afterHooks": [],
          "tests": [
            {
              "title": "when visitor click like, show warning",
              "fullTitle": "postCard.vue when visitor click like, show warning",
              "timedOut": false,
              "duration": 472,
              "state": "passed",
              "speed": "slow",
              "pass": true,
              "fail": false,
              "pending": false,
              "context": null,
              "code": "const wrapper = Object(_vue_test_utils__WEBPACK_IMPORTED_MODULE_0__[\"mount\"])(_components_post_postCard__WEBPACK_IMPORTED_MODULE_4__[\"default\"], {store, localVue,\n  propsData: {\n    postContent: {post_createtime: 0}\n  }});\nconst likeButton = wrapper.find('b-list-group-item')\nname = ''\nlikeButton.trigger('click')\nwrapper.vm.$nextTick(() => {\n  Object(chai__WEBPACK_IMPORTED_MODULE_1__[\"expect\"])(wrapper.find('b-toast').exists()).to.be.ok\n})",
              "err": {},
              "uuid": "f639ea0d-3a5d-45f5-bbd6-8a75212177ae",
              "parentUUID": "3dcf80ed-e18d-4c99-a0bd-0de43f8d2e45",
              "isHook": false,
              "skipped": false
            }
          ],
          "suites": [],
          "passes": [
            "f639ea0d-3a5d-45f5-bbd6-8a75212177ae"
          ],
          "failures": [],
          "pending": [],
          "skipped": [],
          "duration": 472,
          "root": false,
          "rootEmpty": false,
          "_timeout": 2000
        },
        {
          "uuid": "95f2b81b-dd6a-43e4-8a72-b099ea3a5462",
          "title": "postCard",
          "fullFile": "F:\\ECE_651\\Project_dev\\ece651-project\\vue-project\\dist\\js\\main.js",
          "file": "\\dist\\js\\main.js",
          "beforeHooks": [
            {
              "title": "\"before each\" hook",
              "fullTitle": "postCard \"before each\" hook",
              "timedOut": false,
              "duration": 8,
              "state": null,
              "speed": null,
              "pass": false,
              "fail": false,
              "pending": false,
              "context": null,
              "code": "component = Object(_vue_test_utils__WEBPACK_IMPORTED_MODULE_1__[\"shallowMount\"])(_components_HelloWorld__WEBPACK_IMPORTED_MODULE_0__[\"default\"]);",
              "err": {},
              "uuid": "b74052c8-5077-4193-8b53-29f06ed7d3ff",
              "parentUUID": "95f2b81b-dd6a-43e4-8a72-b099ea3a5462",
              "isHook": true,
              "skipped": false
            }
          ],
          "afterHooks": [],
          "tests": [
            {
              "title": "should render Spinner on mount",
              "fullTitle": "postCard should render Spinner on mount",
              "timedOut": false,
              "duration": 1,
              "state": "passed",
              "speed": "fast",
              "pass": true,
              "fail": false,
              "pending": false,
              "context": null,
              "code": "Object(chai__WEBPACK_IMPORTED_MODULE_2__[\"expect\"])(component.find('Hello').exists()).to.be.not.true;",
              "err": {},
              "uuid": "64edd128-90ec-438d-bad9-4b2fbc163adc",
              "parentUUID": "95f2b81b-dd6a-43e4-8a72-b099ea3a5462",
              "isHook": false,
              "skipped": false
            }
          ],
          "suites": [],
          "passes": [
            "64edd128-90ec-438d-bad9-4b2fbc163adc"
          ],
          "failures": [],
          "pending": [],
          "skipped": [],
          "duration": 1,
          "root": false,
          "rootEmpty": false,
          "_timeout": 2000
        },
        {
          "uuid": "ea8cdc43-ca3d-4781-96ed-d01114727c49",
          "title": "stickyHeader.vue",
          "fullFile": "F:\\ECE_651\\Project_dev\\ece651-project\\vue-project\\dist\\js\\main.js",
          "file": "\\dist\\js\\main.js",
          "beforeHooks": [
            {
              "title": "\"before each\" hook",
              "fullTitle": "stickyHeader.vue \"before each\" hook",
              "timedOut": false,
              "duration": 1,
              "state": null,
              "speed": null,
              "pass": false,
              "fail": false,
              "pending": false,
              "context": null,
              "code": "// Contruct virtual vuex\ngetters = {\n  \"loginInfo/getLUName\": () => name,\n  \"loginInfo/getLoginState\": () => logState,\n  \"newMessage/getNewMessageCount\": () => newsCounter\n}\nactions = {\n  \"loginInfo/userLogout\": () => {\n    name = '';\n    logState = false;\n  }\n}\nstore = new vuex__WEBPACK_IMPORTED_MODULE_2__[\"default\"].Store({\n  getters,\n  actions\n})",
              "err": {},
              "uuid": "b771c4a9-0d95-44d3-8f8e-9df72cfc3437",
              "parentUUID": "ea8cdc43-ca3d-4781-96ed-d01114727c49",
              "isHook": true,
              "skipped": false
            }
          ],
          "afterHooks": [],
          "tests": [
            {
              "title": "user name should be showed when the loginState is true",
              "fullTitle": "stickyHeader.vue user name should be showed when the loginState is true",
              "timedOut": false,
              "duration": 36,
              "state": "passed",
              "speed": "fast",
              "pass": true,
              "fail": false,
              "pending": false,
              "context": null,
              "code": "const wrapper = Object(_vue_test_utils__WEBPACK_IMPORTED_MODULE_0__[\"shallowMount\"])(_components_header_stickyHeader__WEBPACK_IMPORTED_MODULE_4__[\"default\"], {store, localVue});\nconst loginName = wrapper.findAll('b-nav-item').at(4).findAll('span').at(0)\nObject(chai__WEBPACK_IMPORTED_MODULE_1__[\"expect\"])(loginName.text()).to.equal(name)",
              "err": {},
              "uuid": "5ef4feb9-4b41-42d8-9113-4f5d58bfe998",
              "parentUUID": "ea8cdc43-ca3d-4781-96ed-d01114727c49",
              "isHook": false,
              "skipped": false
            },
            {
              "title": "logout is correctly called",
              "fullTitle": "stickyHeader.vue logout is correctly called",
              "timedOut": false,
              "duration": 294,
              "state": "passed",
              "speed": "slow",
              "pass": true,
              "fail": false,
              "pending": false,
              "context": null,
              "code": "const wrapper = Object(_vue_test_utils__WEBPACK_IMPORTED_MODULE_0__[\"shallowMount\"])(_components_header_stickyHeader__WEBPACK_IMPORTED_MODULE_4__[\"default\"], {store, localVue});\nconst loginName = wrapper.findAll('b-nav-item').at(4).findAll('span').at(0)\nconst logout = wrapper.findAll('b-button-group').at(1).findAll('b-button').at(1)\nlogState = true\nObject(chai__WEBPACK_IMPORTED_MODULE_1__[\"expect\"])(loginName.text()).not.to.be.empty\nlogout.trigger('click')\nwrapper.vm.$nextTick(() => {\n  Object(chai__WEBPACK_IMPORTED_MODULE_1__[\"expect\"])(logState).to.be.equal(false)\n  Object(chai__WEBPACK_IMPORTED_MODULE_1__[\"expect\"])(loginName.text()).to.be.empty\n})",
              "err": {},
              "uuid": "a1e1e17a-5629-4170-96a0-112b3b0be817",
              "parentUUID": "ea8cdc43-ca3d-4781-96ed-d01114727c49",
              "isHook": false,
              "skipped": false
            }
          ],
          "suites": [],
          "passes": [
            "5ef4feb9-4b41-42d8-9113-4f5d58bfe998",
            "a1e1e17a-5629-4170-96a0-112b3b0be817"
          ],
          "failures": [],
          "pending": [],
          "skipped": [],
          "duration": 330,
          "root": false,
          "rootEmpty": false,
          "_timeout": 2000
        },
        {
          "uuid": "08ad2583-7a89-4bcf-b2a4-be2571b1b943",
          "title": "hotCard.vue",
          "fullFile": "F:\\ECE_651\\Project_dev\\ece651-project\\vue-project\\dist\\js\\main.js",
          "file": "\\dist\\js\\main.js",
          "beforeHooks": [],
          "afterHooks": [],
          "tests": [
            {
              "title": "correct moduleName value",
              "fullTitle": "hotCard.vue correct moduleName value",
              "timedOut": false,
              "duration": 6,
              "state": "passed",
              "speed": "fast",
              "pass": true,
              "fail": false,
              "pending": false,
              "context": null,
              "code": "const wrapper = Object(_vue_test_utils__WEBPACK_IMPORTED_MODULE_1__[\"shallowMount\"])(_components_home_hotCard__WEBPACK_IMPORTED_MODULE_0__[\"default\"], {propsData:{hotData: {module_name: 'life'}}})\nlet moduleName = wrapper.vm.moduleName\nObject(chai__WEBPACK_IMPORTED_MODULE_2__[\"expect\"])(moduleName).to.equal('LIFE CIRCLE')\nwrapper.vm.hotData.module_name = 'test'\nmoduleName = wrapper.vm.moduleName\nObject(chai__WEBPACK_IMPORTED_MODULE_2__[\"expect\"])(moduleName).to.equal('TEST')",
              "err": {},
              "uuid": "66df1e67-9433-4567-aa0d-bd7c5370b546",
              "parentUUID": "08ad2583-7a89-4bcf-b2a4-be2571b1b943",
              "isHook": false,
              "skipped": false
            }
          ],
          "suites": [],
          "passes": [
            "66df1e67-9433-4567-aa0d-bd7c5370b546"
          ],
          "failures": [],
          "pending": [],
          "skipped": [],
          "duration": 6,
          "root": false,
          "rootEmpty": false,
          "_timeout": 2000
        },
        {
          "uuid": "85102e84-a66b-4686-899b-1a60db956a04",
          "title": "loginCard.vue",
          "fullFile": "F:\\ECE_651\\Project_dev\\ece651-project\\vue-project\\dist\\js\\main.js",
          "file": "\\dist\\js\\main.js",
          "beforeHooks": [],
          "afterHooks": [],
          "tests": [
            {
              "title": "when click reset, flush all input",
              "fullTitle": "loginCard.vue when click reset, flush all input",
              "timedOut": false,
              "duration": 151,
              "state": "passed",
              "speed": "slow",
              "pass": true,
              "fail": false,
              "pending": false,
              "context": null,
              "code": "const wrapper = Object(_vue_test_utils__WEBPACK_IMPORTED_MODULE_0__[\"shallowMount\"])(_components_manage_loginCard__WEBPACK_IMPORTED_MODULE_3__[\"default\"]);\nconst resetButton = wrapper.findAll('b-button').at(1)\nwrapper.vm.loginInfo.username = 'testName'\nwrapper.vm.loginInfo.password = 123456\nwrapper.vm.show = true\nresetButton.trigger('click')\nwrapper.vm.$nextTick(() => {\n  Object(chai__WEBPACK_IMPORTED_MODULE_1__[\"expect\"])(wrapper.vm.loginInfo.username).to.be.equal('')\n  Object(chai__WEBPACK_IMPORTED_MODULE_1__[\"expect\"])(wrapper.vm.loginInfo.password).to.be.equal('')\n  Object(chai__WEBPACK_IMPORTED_MODULE_1__[\"expect\"])(wrapper.vm.show).not.to.be.ok\n})",
              "err": {},
              "uuid": "15ee3009-3f17-4725-ab91-bd7372a07997",
              "parentUUID": "85102e84-a66b-4686-899b-1a60db956a04",
              "isHook": false,
              "skipped": false
            }
          ],
          "suites": [],
          "passes": [
            "15ee3009-3f17-4725-ab91-bd7372a07997"
          ],
          "failures": [],
          "pending": [],
          "skipped": [],
          "duration": 151,
          "root": false,
          "rootEmpty": false,
          "_timeout": 2000
        },
        {
          "uuid": "2ef89af0-4b4d-4a2d-a55c-3c411c3c9993",
          "title": "registerCard.vue",
          "fullFile": "F:\\ECE_651\\Project_dev\\ece651-project\\vue-project\\dist\\js\\main.js",
          "file": "\\dist\\js\\main.js",
          "beforeHooks": [],
          "afterHooks": [],
          "tests": [
            {
              "title": "when click reset, flush all input",
              "fullTitle": "registerCard.vue when click reset, flush all input",
              "timedOut": false,
              "duration": 147,
              "state": "passed",
              "speed": "slow",
              "pass": true,
              "fail": false,
              "pending": false,
              "context": null,
              "code": "const wrapper = Object(_vue_test_utils__WEBPACK_IMPORTED_MODULE_0__[\"shallowMount\"])(_components_manage_registerCard__WEBPACK_IMPORTED_MODULE_3__[\"default\"]);\nconst resetButton = wrapper.findAll('b-button').at(1)\nwrapper.vm.registerForm.email = 'test@test.com'\nwrapper.vm.registerForm.username = 'testName'\nwrapper.vm.registerForm.password = 123456\nresetButton.trigger('click')\nwrapper.vm.$nextTick(() => {\n  Object(chai__WEBPACK_IMPORTED_MODULE_1__[\"expect\"])(wrapper.vm.registerForm.email).to.be.empty\n  Object(chai__WEBPACK_IMPORTED_MODULE_1__[\"expect\"])(wrapper.vm.registerForm.username).to.be.empty\n  Object(chai__WEBPACK_IMPORTED_MODULE_1__[\"expect\"])(wrapper.vm.registerForm.password).to.be.empty\n})",
              "err": {},
              "uuid": "cba7e52e-7e93-41cd-9949-4d4194587ef4",
              "parentUUID": "2ef89af0-4b4d-4a2d-a55c-3c411c3c9993",
              "isHook": false,
              "skipped": false
            }
          ],
          "suites": [],
          "passes": [
            "cba7e52e-7e93-41cd-9949-4d4194587ef4"
          ],
          "failures": [],
          "pending": [],
          "skipped": [],
          "duration": 147,
          "root": false,
          "rootEmpty": false,
          "_timeout": 2000
        },
        {
          "uuid": "58b06853-1819-47f3-b082-b42111a5296c",
          "title": "updatePasswordCard.vue",
          "fullFile": "F:\\ECE_651\\Project_dev\\ece651-project\\vue-project\\dist\\js\\main.js",
          "file": "\\dist\\js\\main.js",
          "beforeHooks": [],
          "afterHooks": [],
          "tests": [
            {
              "title": "when click reset, flush all input",
              "fullTitle": "updatePasswordCard.vue when click reset, flush all input",
              "timedOut": false,
              "duration": 4,
              "state": "passed",
              "speed": "fast",
              "pass": true,
              "fail": false,
              "pending": false,
              "context": null,
              "code": "const wrapper = Object(_vue_test_utils__WEBPACK_IMPORTED_MODULE_0__[\"shallowMount\"])(_components_manage_updatePasswordCard__WEBPACK_IMPORTED_MODULE_3__[\"default\"]);\nwrapper.vm.newPassword = 123456\nwrapper.vm.resetPassword()\nObject(chai__WEBPACK_IMPORTED_MODULE_1__[\"expect\"])(wrapper.vm.newPassword).to.be.empty",
              "err": {},
              "uuid": "7d67f2f7-8b4e-4aaa-9abc-36dcfb981f2c",
              "parentUUID": "58b06853-1819-47f3-b082-b42111a5296c",
              "isHook": false,
              "skipped": false
            }
          ],
          "suites": [],
          "passes": [
            "7d67f2f7-8b4e-4aaa-9abc-36dcfb981f2c"
          ],
          "failures": [],
          "pending": [],
          "skipped": [],
          "duration": 4,
          "root": false,
          "rootEmpty": false,
          "_timeout": 2000
        },
        {
          "uuid": "4faa8ff7-b110-49cb-957b-e30706809d5f",
          "title": "moduleIntroInput.vue",
          "fullFile": "F:\\ECE_651\\Project_dev\\ece651-project\\vue-project\\dist\\js\\main.js",
          "file": "\\dist\\js\\main.js",
          "beforeHooks": [
            {
              "title": "\"before each\" hook",
              "fullTitle": "moduleIntroInput.vue \"before each\" hook",
              "timedOut": false,
              "duration": 1,
              "state": null,
              "speed": null,
              "pass": false,
              "fail": false,
              "pending": false,
              "context": null,
              "code": "//Construct virtual vuex store\ngetters = {\n  'moduleList/getModuleList': () => moduleList\n}\nstore = new vuex__WEBPACK_IMPORTED_MODULE_2__[\"default\"].Store({\n  getters\n})",
              "err": {},
              "uuid": "a0f9a6e2-4f51-47ac-bd1a-fa7337749ae4",
              "parentUUID": "4faa8ff7-b110-49cb-957b-e30706809d5f",
              "isHook": true,
              "skipped": false
            }
          ],
          "afterHooks": [],
          "tests": [
            {
              "title": "reset button flushes all input",
              "fullTitle": "moduleIntroInput.vue reset button flushes all input",
              "timedOut": false,
              "duration": 8,
              "state": "passed",
              "speed": "fast",
              "pass": true,
              "fail": false,
              "pending": false,
              "context": null,
              "code": "const wrapper = Object(_vue_test_utils__WEBPACK_IMPORTED_MODULE_0__[\"shallowMount\"])(_components_module_moduleIntroInput__WEBPACK_IMPORTED_MODULE_4__[\"default\"], {store, localVue})\nconst resetButton = wrapper.findAll('b-button').at(0)\nwrapper.vm.introContent = 'test'\nresetButton.trigger('click')\nwrapper.vm.$nextTick(() => {\n  Object(chai__WEBPACK_IMPORTED_MODULE_1__[\"expect\"])(wrapper.vm.introContent).to.be.empty\n})",
              "err": {},
              "uuid": "4db239d5-04dd-4eff-aa98-05533a97bf20",
              "parentUUID": "4faa8ff7-b110-49cb-957b-e30706809d5f",
              "isHook": false,
              "skipped": false
            },
            {
              "title": "should show correct module intro",
              "fullTitle": "moduleIntroInput.vue should show correct module intro",
              "timedOut": false,
              "duration": 5,
              "state": "passed",
              "speed": "fast",
              "pass": true,
              "fail": false,
              "pending": false,
              "context": null,
              "code": "const wrapper = Object(_vue_test_utils__WEBPACK_IMPORTED_MODULE_0__[\"shallowMount\"])(_components_module_moduleIntroInput__WEBPACK_IMPORTED_MODULE_4__[\"default\"], {store, localVue})\nconst intro = wrapper.findAll('b-card-text').at(0)\nwrapper.vm.moduleIntro = 'testIntro'\nwrapper.vm.$nextTick(() => {\n  Object(chai__WEBPACK_IMPORTED_MODULE_1__[\"expect\"])(intro.text()).to.include('testIntro')\n})",
              "err": {},
              "uuid": "6761c543-f72b-497b-8daf-8dd62c3d07ca",
              "parentUUID": "4faa8ff7-b110-49cb-957b-e30706809d5f",
              "isHook": false,
              "skipped": false
            },
            {
              "title": "should show correct module name in title",
              "fullTitle": "moduleIntroInput.vue should show correct module name in title",
              "timedOut": false,
              "duration": 5,
              "state": "passed",
              "speed": "fast",
              "pass": true,
              "fail": false,
              "pending": false,
              "context": null,
              "code": "const wrapper = Object(_vue_test_utils__WEBPACK_IMPORTED_MODULE_0__[\"shallowMount\"])(_components_module_moduleIntroInput__WEBPACK_IMPORTED_MODULE_4__[\"default\"], {store, localVue})\nconst title = wrapper.findAll('b-card-header').at(0)\nwrapper.vm.moduleName = 'testName'\nwrapper.vm.$nextTick(() => {\n  Object(chai__WEBPACK_IMPORTED_MODULE_1__[\"expect\"])(title.text()).to.include('testName')\n})",
              "err": {},
              "uuid": "caff7b6a-d4fd-46e1-8986-4cd16aa3d234",
              "parentUUID": "4faa8ff7-b110-49cb-957b-e30706809d5f",
              "isHook": false,
              "skipped": false
            }
          ],
          "suites": [],
          "passes": [
            "4db239d5-04dd-4eff-aa98-05533a97bf20",
            "6761c543-f72b-497b-8daf-8dd62c3d07ca",
            "caff7b6a-d4fd-46e1-8986-4cd16aa3d234"
          ],
          "failures": [],
          "pending": [],
          "skipped": [],
          "duration": 18,
          "root": false,
          "rootEmpty": false,
          "_timeout": 2000
        },
        {
          "uuid": "868c8ea2-a4b3-4641-8e25-d1d6f0c39680",
          "title": "moduleSideFunctions.vue",
          "fullFile": "F:\\ECE_651\\Project_dev\\ece651-project\\vue-project\\dist\\js\\main.js",
          "file": "\\dist\\js\\main.js",
          "beforeHooks": [
            {
              "title": "\"before each\" hook",
              "fullTitle": "moduleSideFunctions.vue \"before each\" hook",
              "timedOut": false,
              "duration": 0,
              "state": null,
              "speed": null,
              "pass": false,
              "fail": false,
              "pending": false,
              "context": null,
              "code": "//Construct virtual vuex store\ngetters = {\n  \"loginInfo/getLUName\": () => currentUser\n}\nstore = new vuex__WEBPACK_IMPORTED_MODULE_2__[\"default\"].Store({\n  getters\n})",
              "err": {},
              "uuid": "472d695d-2cd4-434c-a321-b103d1cc1e9f",
              "parentUUID": "868c8ea2-a4b3-4641-8e25-d1d6f0c39680",
              "isHook": true,
              "skipped": false
            }
          ],
          "afterHooks": [],
          "tests": [
            {
              "title": "should show correct point",
              "fullTitle": "moduleSideFunctions.vue should show correct point",
              "timedOut": false,
              "duration": 5,
              "state": "passed",
              "speed": "fast",
              "pass": true,
              "fail": false,
              "pending": false,
              "context": null,
              "code": "const wrapper = Object(_vue_test_utils__WEBPACK_IMPORTED_MODULE_0__[\"shallowMount\"])(_components_module_moduleSideFunctions__WEBPACK_IMPORTED_MODULE_4__[\"default\"], {store, localVue})\nwrapper.vm.points = 999\nwrapper.vm.$mount()\nconst point = wrapper.findAll('b-card').at(1)\nObject(chai__WEBPACK_IMPORTED_MODULE_1__[\"expect\"])(point.text()).to.include('999')",
              "err": {},
              "uuid": "319e0d23-bac9-4ceb-979d-a26d901b4eb1",
              "parentUUID": "868c8ea2-a4b3-4641-8e25-d1d6f0c39680",
              "isHook": false,
              "skipped": false
            },
            {
              "title": "show error when have no enough quality to be administrator",
              "fullTitle": "moduleSideFunctions.vue show error when have no enough quality to be administrator",
              "timedOut": false,
              "duration": 6,
              "state": "passed",
              "speed": "fast",
              "pass": true,
              "fail": false,
              "pending": false,
              "context": null,
              "code": "const wrapper = Object(_vue_test_utils__WEBPACK_IMPORTED_MODULE_0__[\"shallowMount\"])(_components_module_moduleSideFunctions__WEBPACK_IMPORTED_MODULE_4__[\"default\"], {store, localVue})\nconst applyButton = wrapper.findAll('b-card').at(0)\nObject(chai__WEBPACK_IMPORTED_MODULE_1__[\"expect\"])(wrapper.vm.$el.classList.contains('error-toast')).to.be.false\napplyButton.trigger('click')\nwrapper.vm.$nextTick(()=>{\n  Object(chai__WEBPACK_IMPORTED_MODULE_1__[\"expect\"])(wrapper.vm.$el.classList.contains('error-toast')).to.be.true\n})",
              "err": {},
              "uuid": "1a545370-3a48-4886-8966-e8593fc8a4af",
              "parentUUID": "868c8ea2-a4b3-4641-8e25-d1d6f0c39680",
              "isHook": false,
              "skipped": false
            }
          ],
          "suites": [],
          "passes": [
            "319e0d23-bac9-4ceb-979d-a26d901b4eb1",
            "1a545370-3a48-4886-8966-e8593fc8a4af"
          ],
          "failures": [],
          "pending": [],
          "skipped": [],
          "duration": 11,
          "root": false,
          "rootEmpty": false,
          "_timeout": 2000
        },
        {
          "uuid": "29d9050c-9e5d-4935-a486-fdbe6cda8b32",
          "title": "commentCard.vue",
          "fullFile": "F:\\ECE_651\\Project_dev\\ece651-project\\vue-project\\dist\\js\\main.js",
          "file": "\\dist\\js\\main.js",
          "beforeHooks": [
            {
              "title": "\"before each\" hook",
              "fullTitle": "commentCard.vue \"before each\" hook",
              "timedOut": false,
              "duration": 0,
              "state": null,
              "speed": null,
              "pass": false,
              "fail": false,
              "pending": false,
              "context": null,
              "code": "// Contruct virtual vuex\ngetters = {\n  \"loginInfo/getLUName\": () => name,\n}\nstore = new vuex__WEBPACK_IMPORTED_MODULE_2__[\"default\"].Store({\n  getters\n})",
              "err": {},
              "uuid": "afad1ba8-39b1-422a-85b7-34874d6c973d",
              "parentUUID": "29d9050c-9e5d-4935-a486-fdbe6cda8b32",
              "isHook": true,
              "skipped": false
            }
          ],
          "afterHooks": [],
          "tests": [
            {
              "title": "show correct like count",
              "fullTitle": "commentCard.vue show correct like count",
              "timedOut": false,
              "duration": 23,
              "state": "passed",
              "speed": "fast",
              "pass": true,
              "fail": false,
              "pending": false,
              "context": null,
              "code": "const wrapper = Object(_vue_test_utils__WEBPACK_IMPORTED_MODULE_0__[\"mount\"])(_components_post_commentCard__WEBPACK_IMPORTED_MODULE_4__[\"default\"], {store, localVue,\n  propsData: {\n    commentData: {\n      post_createtime: 0,\n      comment_time: 0,\n      comment_id: 1,\n      comment_user: 'testUser',\n      comment_likes: 1}\n  }})\nlet likeCount = wrapper.findAll('b-badge').at(0).text()\nObject(chai__WEBPACK_IMPORTED_MODULE_1__[\"expect\"])(likeCount).to.equal('1')\nwrapper.vm.likeCount = 1\nwrapper.vm.$mount()\nlikeCount = wrapper.findAll('b-badge').at(0).text()\nObject(chai__WEBPACK_IMPORTED_MODULE_1__[\"expect\"])(likeCount).to.equal('2')\nwrapper.vm.likeCount = -1\nwrapper.vm.$mount()\nlikeCount = wrapper.findAll('b-badge').at(0).text()\nObject(chai__WEBPACK_IMPORTED_MODULE_1__[\"expect\"])(likeCount).to.equal('0')",
              "err": {},
              "uuid": "f6178151-483f-4fc7-8705-14b591ecdb59",
              "parentUUID": "29d9050c-9e5d-4935-a486-fdbe6cda8b32",
              "isHook": false,
              "skipped": false
            },
            {
              "title": "show correct user name",
              "fullTitle": "commentCard.vue show correct user name",
              "timedOut": false,
              "duration": 17,
              "state": "passed",
              "speed": "fast",
              "pass": true,
              "fail": false,
              "pending": false,
              "context": null,
              "code": "const wrapper = Object(_vue_test_utils__WEBPACK_IMPORTED_MODULE_0__[\"mount\"])(_components_post_commentCard__WEBPACK_IMPORTED_MODULE_4__[\"default\"], {store, localVue,\n  propsData: {\n    commentData: {\n      post_createtime: 0,\n      comment_id: 1,\n      comment_user: 'testUser',\n      comment_likes: 1}\n  }})\nlet commentUser = wrapper.findAll('b-col').at(2).text()\nObject(chai__WEBPACK_IMPORTED_MODULE_1__[\"expect\"])(commentUser).to.include('testUser')",
              "err": {},
              "uuid": "6a03195c-0762-4270-a77e-698e0e7a04e8",
              "parentUUID": "29d9050c-9e5d-4935-a486-fdbe6cda8b32",
              "isHook": false,
              "skipped": false
            },
            {
              "title": "show correct comment time",
              "fullTitle": "commentCard.vue show correct comment time",
              "timedOut": false,
              "duration": 21,
              "state": "passed",
              "speed": "fast",
              "pass": true,
              "fail": false,
              "pending": false,
              "context": null,
              "code": "const wrapper = Object(_vue_test_utils__WEBPACK_IMPORTED_MODULE_0__[\"mount\"])(_components_post_commentCard__WEBPACK_IMPORTED_MODULE_4__[\"default\"], {store, localVue,\n  propsData: {\n    commentData: {\n      comment_content: 'testContent',\n      comment_id: 1,\n      comment_user: 'testUser',\n      comment_likes: 1}\n  }})\nlet commentTime = wrapper.findAll('b-row').at(2).text()\nObject(chai__WEBPACK_IMPORTED_MODULE_1__[\"expect\"])(commentTime).to.include('testContent')",
              "err": {},
              "uuid": "7ae5e5da-1cf7-46f2-b9b3-92cd75ebe090",
              "parentUUID": "29d9050c-9e5d-4935-a486-fdbe6cda8b32",
              "isHook": false,
              "skipped": false
            }
          ],
          "suites": [],
          "passes": [
            "f6178151-483f-4fc7-8705-14b591ecdb59",
            "6a03195c-0762-4270-a77e-698e0e7a04e8",
            "7ae5e5da-1cf7-46f2-b9b3-92cd75ebe090"
          ],
          "failures": [],
          "pending": [],
          "skipped": [],
          "duration": 61,
          "root": false,
          "rootEmpty": false,
          "_timeout": 2000
        },
        {
          "uuid": "60519db4-652d-44ec-aa00-b894d3c694ed",
          "title": "commentInput.vue",
          "fullFile": "F:\\ECE_651\\Project_dev\\ece651-project\\vue-project\\dist\\js\\main.js",
          "file": "\\dist\\js\\main.js",
          "beforeHooks": [
            {
              "title": "\"before each\" hook",
              "fullTitle": "commentInput.vue \"before each\" hook",
              "timedOut": false,
              "duration": 1,
              "state": null,
              "speed": null,
              "pass": false,
              "fail": false,
              "pending": false,
              "context": null,
              "code": "// Contruct virtual vuex\ngetters = {\n  \"loginInfo/getLUName\": () => name,\n}\nstore = new vuex__WEBPACK_IMPORTED_MODULE_2__[\"default\"].Store({\n  getters\n})",
              "err": {},
              "uuid": "77e40c8c-3780-4605-8423-56c8298e5b5c",
              "parentUUID": "60519db4-652d-44ec-aa00-b894d3c694ed",
              "isHook": true,
              "skipped": false
            }
          ],
          "afterHooks": [],
          "tests": [
            {
              "title": "reset button works well",
              "fullTitle": "commentInput.vue reset button works well",
              "timedOut": false,
              "duration": 3,
              "state": "passed",
              "speed": "fast",
              "pass": true,
              "fail": false,
              "pending": false,
              "context": null,
              "code": "const wrapper = Object(_vue_test_utils__WEBPACK_IMPORTED_MODULE_0__[\"shallowMount\"])(_components_post_commentInput__WEBPACK_IMPORTED_MODULE_6__[\"default\"], {store, localVue, propsData:{commentId:2}})\nwrapper.vm.postCommentContent = 'testContent'\nwrapper.vm.resetCModal()\nwrapper.vm.$mount()\nObject(chai__WEBPACK_IMPORTED_MODULE_1__[\"expect\"])(wrapper.vm.postCommentContent).to.be.empty",
              "err": {},
              "uuid": "79979ad4-c931-40e6-a1d8-62974b9bbec8",
              "parentUUID": "60519db4-652d-44ec-aa00-b894d3c694ed",
              "isHook": false,
              "skipped": false
            }
          ],
          "suites": [],
          "passes": [
            "79979ad4-c931-40e6-a1d8-62974b9bbec8"
          ],
          "failures": [],
          "pending": [],
          "skipped": [],
          "duration": 3,
          "root": false,
          "rootEmpty": false,
          "_timeout": 2000
        },
        {
          "uuid": "296d8cc5-845d-43a2-847c-68bae06d0b8a",
          "title": "commentReplyCard.vue",
          "fullFile": "F:\\ECE_651\\Project_dev\\ece651-project\\vue-project\\dist\\js\\main.js",
          "file": "\\dist\\js\\main.js",
          "beforeHooks": [
            {
              "title": "\"before each\" hook",
              "fullTitle": "commentReplyCard.vue \"before each\" hook",
              "timedOut": false,
              "duration": 0,
              "state": null,
              "speed": null,
              "pass": false,
              "fail": false,
              "pending": false,
              "context": null,
              "code": "// Contruct virtual vuex\ngetters = {\n  \"loginInfo/getLUName\": () => name,\n}\nstore = new vuex__WEBPACK_IMPORTED_MODULE_2__[\"default\"].Store({\n  getters\n})",
              "err": {},
              "uuid": "082cb902-5ee8-41bd-a36b-928e68f08681",
              "parentUUID": "296d8cc5-845d-43a2-847c-68bae06d0b8a",
              "isHook": true,
              "skipped": false
            }
          ],
          "afterHooks": [],
          "tests": [
            {
              "title": "show correct from user",
              "fullTitle": "commentReplyCard.vue show correct from user",
              "timedOut": false,
              "duration": 12,
              "state": "passed",
              "speed": "fast",
              "pass": true,
              "fail": false,
              "pending": false,
              "context": null,
              "code": "const wrapper = Object(_vue_test_utils__WEBPACK_IMPORTED_MODULE_0__[\"shallowMount\"])(_components_post_commentReplyCard__WEBPACK_IMPORTED_MODULE_3__[\"default\"], {store, localVue,\n  propsData: {\n    replyData: {\n      creply_time: 0,\n      reply_id: 1,\n      from_user: 'testFromUser',\n      to_user: 'testToUser',\n      creply_content: 'testContent'}\n  }})\nconst fromUser = wrapper.findAll('b-col').at(2)\nObject(chai__WEBPACK_IMPORTED_MODULE_1__[\"expect\"])(fromUser.text()).to.include('testFromUser')",
              "err": {},
              "uuid": "b69525d3-58af-4e87-8d17-bf1099caba7f",
              "parentUUID": "296d8cc5-845d-43a2-847c-68bae06d0b8a",
              "isHook": false,
              "skipped": false
            },
            {
              "title": "show correct to user and content",
              "fullTitle": "commentReplyCard.vue show correct to user and content",
              "timedOut": false,
              "duration": 11,
              "state": "passed",
              "speed": "fast",
              "pass": true,
              "fail": false,
              "pending": false,
              "context": null,
              "code": "const wrapper = Object(_vue_test_utils__WEBPACK_IMPORTED_MODULE_0__[\"shallowMount\"])(_components_post_commentReplyCard__WEBPACK_IMPORTED_MODULE_3__[\"default\"], {store, localVue,\n  propsData: {\n    replyData: {\n      creply_time: 0,\n      reply_id: 1,\n      from_user: 'testFromUser',\n      to_user: 'testToUser',\n      creply_content: 'testContent'}\n  }})\nconst toUserContent = wrapper.findAll('b-row').at(2)\nObject(chai__WEBPACK_IMPORTED_MODULE_1__[\"expect\"])(toUserContent.text()).to.include('testToUser')\nObject(chai__WEBPACK_IMPORTED_MODULE_1__[\"expect\"])(toUserContent.text()).to.include('testContent')",
              "err": {},
              "uuid": "a2571757-13bc-44e0-8d23-3a032c9225f7",
              "parentUUID": "296d8cc5-845d-43a2-847c-68bae06d0b8a",
              "isHook": false,
              "skipped": false
            }
          ],
          "suites": [],
          "passes": [
            "b69525d3-58af-4e87-8d17-bf1099caba7f",
            "a2571757-13bc-44e0-8d23-3a032c9225f7"
          ],
          "failures": [],
          "pending": [],
          "skipped": [],
          "duration": 23,
          "root": false,
          "rootEmpty": false,
          "_timeout": 2000
        },
        {
          "uuid": "ecd10316-9a60-4c14-ae2c-d480d2d47abe",
          "title": "postCard.vue",
          "fullFile": "F:\\ECE_651\\Project_dev\\ece651-project\\vue-project\\dist\\js\\main.js",
          "file": "\\dist\\js\\main.js",
          "beforeHooks": [
            {
              "title": "\"before each\" hook",
              "fullTitle": "postCard.vue \"before each\" hook",
              "timedOut": false,
              "duration": 0,
              "state": null,
              "speed": null,
              "pass": false,
              "fail": false,
              "pending": false,
              "context": null,
              "code": "// Contruct virtual vuex\ngetters = {\n  \"loginInfo/getLUName\": () => name,\n}\nstore = new vuex__WEBPACK_IMPORTED_MODULE_2__[\"default\"].Store({\n  getters\n})",
              "err": {},
              "uuid": "3df82105-e6c3-42c6-82e8-1e946536e3f7",
              "parentUUID": "ecd10316-9a60-4c14-ae2c-d480d2d47abe",
              "isHook": true,
              "skipped": false
            }
          ],
          "afterHooks": [],
          "tests": [
            {
              "title": "show correct post author",
              "fullTitle": "postCard.vue show correct post author",
              "timedOut": false,
              "duration": 26,
              "state": "passed",
              "speed": "fast",
              "pass": true,
              "fail": false,
              "pending": false,
              "context": null,
              "code": "const wrapper = Object(_vue_test_utils__WEBPACK_IMPORTED_MODULE_0__[\"shallowMount\"])(_components_post_postCard__WEBPACK_IMPORTED_MODULE_3__[\"default\"], {store, localVue,\n  propsData: {\n    postContent: {\n      post_createtime: 0,\n      post_id: 1,\n      post_likes: 1,\n      post_author: 'testAuthor',\n      post_content: 'testContent'}\n  }})\nconst postAuthor = wrapper.findAll('b-col').at(1)\nObject(chai__WEBPACK_IMPORTED_MODULE_1__[\"expect\"])(postAuthor.text()).to.include('testAuthor')",
              "err": {},
              "uuid": "1a5340fe-dd44-4c05-8068-55a5d51ee693",
              "parentUUID": "ecd10316-9a60-4c14-ae2c-d480d2d47abe",
              "isHook": false,
              "skipped": false
            },
            {
              "title": "show correct post content",
              "fullTitle": "postCard.vue show correct post content",
              "timedOut": false,
              "duration": 31,
              "state": "passed",
              "speed": "fast",
              "pass": true,
              "fail": false,
              "pending": false,
              "context": null,
              "code": "const wrapper = Object(_vue_test_utils__WEBPACK_IMPORTED_MODULE_0__[\"shallowMount\"])(_components_post_postCard__WEBPACK_IMPORTED_MODULE_3__[\"default\"], {store, localVue,\n  propsData: {\n    postContent: {\n      post_createtime: 0,\n      post_id: 1,\n      post_likes: 1,\n      post_author: 'testAuthor',\n      post_content: 'testContent'}\n  }})\nconst postContent = wrapper.findAll('b-card-text').at(0)\nObject(chai__WEBPACK_IMPORTED_MODULE_1__[\"expect\"])(postContent.text()).to.include('testContent')",
              "err": {},
              "uuid": "e58fbfdd-07e3-49d2-ba51-7f9403f4b569",
              "parentUUID": "ecd10316-9a60-4c14-ae2c-d480d2d47abe",
              "isHook": false,
              "skipped": false
            },
            {
              "title": "show correct post like count",
              "fullTitle": "postCard.vue show correct post like count",
              "timedOut": false,
              "duration": 34,
              "state": "passed",
              "speed": "fast",
              "pass": true,
              "fail": false,
              "pending": false,
              "context": null,
              "code": "const wrapper = Object(_vue_test_utils__WEBPACK_IMPORTED_MODULE_0__[\"shallowMount\"])(_components_post_postCard__WEBPACK_IMPORTED_MODULE_3__[\"default\"], {store, localVue,\n  propsData: {\n    postContent: {\n      post_createtime: 0,\n      post_id: 1,\n      post_likes: 1,\n      post_author: 'testAuthor',\n      post_content: 'testContent'}\n  }})\nlet postLike = wrapper.findAll('b-badge').at(0)\nwrapper.vm.likeCount = 0\nwrapper.vm.$mount()\npostLike = wrapper.findAll('b-badge').at(0)\nObject(chai__WEBPACK_IMPORTED_MODULE_1__[\"expect\"])(postLike.text()).to.equal('1')\nwrapper.vm.likeCount = 1\nwrapper.vm.$mount()\npostLike = wrapper.findAll('b-badge').at(0)\nObject(chai__WEBPACK_IMPORTED_MODULE_1__[\"expect\"])(postLike.text()).to.equal('2')\nwrapper.vm.likeCount = -1\nwrapper.vm.$mount()\npostLike = wrapper.findAll('b-badge').at(0)\nObject(chai__WEBPACK_IMPORTED_MODULE_1__[\"expect\"])(postLike.text()).to.equal('0')",
              "err": {},
              "uuid": "42e4ad27-7ed3-48fe-82da-d09d9a240257",
              "parentUUID": "ecd10316-9a60-4c14-ae2c-d480d2d47abe",
              "isHook": false,
              "skipped": false
            },
            {
              "title": "show correct content count",
              "fullTitle": "postCard.vue show correct content count",
              "timedOut": false,
              "duration": 22,
              "state": "passed",
              "speed": "fast",
              "pass": true,
              "fail": false,
              "pending": false,
              "context": null,
              "code": "const wrapper = Object(_vue_test_utils__WEBPACK_IMPORTED_MODULE_0__[\"shallowMount\"])(_components_post_postCard__WEBPACK_IMPORTED_MODULE_3__[\"default\"], {store, localVue,\n  propsData: {\n    postContent: {\n      post_createtime: 0,\n      post_id: 1,\n      post_likes: 1,\n      post_author: 'testAuthor',\n      post_content: 'testContent'}\n  }})\nwrapper.vm.comments = ['testComment1', \"testComment2\"]\nwrapper.vm.$mount()\nconst contentCount = wrapper.findAll('b-badge').at(1)\nObject(chai__WEBPACK_IMPORTED_MODULE_1__[\"expect\"])(contentCount.text()).to.equal('2')",
              "err": {},
              "uuid": "262c91fe-dcba-4f21-8520-a6790d0487d0",
              "parentUUID": "ecd10316-9a60-4c14-ae2c-d480d2d47abe",
              "isHook": false,
              "skipped": false
            },
            {
              "title": "show correct comment collapse",
              "fullTitle": "postCard.vue show correct comment collapse",
              "timedOut": false,
              "duration": 26,
              "state": "passed",
              "speed": "fast",
              "pass": true,
              "fail": false,
              "pending": false,
              "context": null,
              "code": "const wrapper = Object(_vue_test_utils__WEBPACK_IMPORTED_MODULE_0__[\"shallowMount\"])(_components_post_postCard__WEBPACK_IMPORTED_MODULE_3__[\"default\"], {store, localVue,\n  propsData: {\n    postContent: {\n      post_createtime: 0,\n      post_id: 1,\n      post_likes: 1,\n      post_author: 'testAuthor',\n      post_content: 'testContent'}\n  }})\nconst commentButton = wrapper.findAll('b-button').at(1)\nwrapper.vm.comments = ['testComment1', \"testComment2\"]\nwrapper.vm.$mount()\nObject(chai__WEBPACK_IMPORTED_MODULE_1__[\"expect\"])(wrapper.vm.$el.classList.contains('comment-collapse')).to.not.be.ok\ncommentButton.trigger('click')\nwrapper.vm.$nextTick(()=>{\n  Object(chai__WEBPACK_IMPORTED_MODULE_1__[\"expect\"])(wrapper.vm.$el.classList.contains('comment-collapse')).to.be.ok\n})\nwrapper.vm.comments = []\nwrapper.vm.$mount()\ncommentButton.trigger('click')\nwrapper.vm.$nextTick(()=>{\n  Object(chai__WEBPACK_IMPORTED_MODULE_1__[\"expect\"])(wrapper.findAll('b-collapse').at(0).text()).to.include('no comment')\n})",
              "err": {},
              "uuid": "fb13de0a-a7b3-4e72-9a38-eff6e224038b",
              "parentUUID": "ecd10316-9a60-4c14-ae2c-d480d2d47abe",
              "isHook": false,
              "skipped": false
            },
            {
              "title": "show correct like collapse",
              "fullTitle": "postCard.vue show correct like collapse",
              "timedOut": false,
              "duration": 27,
              "state": "passed",
              "speed": "fast",
              "pass": true,
              "fail": false,
              "pending": false,
              "context": null,
              "code": "const wrapper = Object(_vue_test_utils__WEBPACK_IMPORTED_MODULE_0__[\"shallowMount\"])(_components_post_postCard__WEBPACK_IMPORTED_MODULE_3__[\"default\"], {store, localVue,\n  propsData: {\n    postContent: {\n      post_createtime: 0,\n      post_id: 1,\n      post_likes: 1,\n      post_author: 'testAuthor',\n      post_content: 'testContent'}\n  }})\nconst likeButton = wrapper.findAll('b-list-group-item').at(1)\nlet likeHover\nwrapper.vm.likes = ['testLike1', \"testLike2\"]\nwrapper.vm.$mount()\nObject(chai__WEBPACK_IMPORTED_MODULE_1__[\"expect\"])(wrapper.vm.$el.classList.contains('like-popover')).to.not.be.ok\nlikeButton.trigger('hover')\nwrapper.vm.$nextTick(()=>{\n  likeHover = wrapper.findAll('b-popover').at(0)\n  likeHover.trigger('click')\n  wrapper.vm.$nextTick(()=>{\n    Object(chai__WEBPACK_IMPORTED_MODULE_1__[\"expect\"])(wrapper.vm.$el.classList.contains('like-collapse')).to.be.ok\n  })\n})\nwrapper.vm.likes = []\nwrapper.vm.$mount()\nObject(chai__WEBPACK_IMPORTED_MODULE_1__[\"expect\"])(wrapper.vm.$el.classList.contains('like-popover')).to.not.be.ok\nlikeButton.trigger('hover')\nwrapper.vm.$nextTick(()=>{\n  likeHover = wrapper.findAll('b-popover').at(0)\n  likeHover.trigger('click')\n  wrapper.vm.$nextTick(()=>{\n    Object(chai__WEBPACK_IMPORTED_MODULE_1__[\"expect\"])(wrapper.vm.$el.classList.contains('like-collapse')).to.be.ok\n    Object(chai__WEBPACK_IMPORTED_MODULE_1__[\"expect\"])(wrapper.findAll('b-collapse').at(0)).to.include('Nobody likes')\n  })\n})",
              "err": {},
              "uuid": "df18f417-fff2-4871-89cc-7fab957bddf0",
              "parentUUID": "ecd10316-9a60-4c14-ae2c-d480d2d47abe",
              "isHook": false,
              "skipped": false
            }
          ],
          "suites": [],
          "passes": [
            "1a5340fe-dd44-4c05-8068-55a5d51ee693",
            "e58fbfdd-07e3-49d2-ba51-7f9403f4b569",
            "42e4ad27-7ed3-48fe-82da-d09d9a240257",
            "262c91fe-dcba-4f21-8520-a6790d0487d0",
            "fb13de0a-a7b3-4e72-9a38-eff6e224038b",
            "df18f417-fff2-4871-89cc-7fab957bddf0"
          ],
          "failures": [],
          "pending": [],
          "skipped": [],
          "duration": 166,
          "root": false,
          "rootEmpty": false,
          "_timeout": 2000
        },
        {
          "uuid": "deb5dc0c-50d6-492e-b137-4eedcc002124",
          "title": "postInput.vue",
          "fullFile": "F:\\ECE_651\\Project_dev\\ece651-project\\vue-project\\dist\\js\\main.js",
          "file": "\\dist\\js\\main.js",
          "beforeHooks": [
            {
              "title": "\"before each\" hook",
              "fullTitle": "postInput.vue \"before each\" hook",
              "timedOut": false,
              "duration": 0,
              "state": null,
              "speed": null,
              "pass": false,
              "fail": false,
              "pending": false,
              "context": null,
              "code": "// Contruct virtual vuex\ngetters = {\n  \"loginInfo/getLUName\": () => name,\n}\nstore = new vuex__WEBPACK_IMPORTED_MODULE_2__[\"default\"].Store({\n  getters\n})",
              "err": {},
              "uuid": "0bc8d680-117a-4239-9788-89fc5b88ad97",
              "parentUUID": "deb5dc0c-50d6-492e-b137-4eedcc002124",
              "isHook": true,
              "skipped": false
            }
          ],
          "afterHooks": [],
          "tests": [
            {
              "title": "reset works well",
              "fullTitle": "postInput.vue reset works well",
              "timedOut": false,
              "duration": 11,
              "state": "passed",
              "speed": "fast",
              "pass": true,
              "fail": false,
              "pending": false,
              "context": null,
              "code": "const wrapper = Object(_vue_test_utils__WEBPACK_IMPORTED_MODULE_0__[\"shallowMount\"])(_components_post_postInput__WEBPACK_IMPORTED_MODULE_3__[\"default\"], {store, localVue})\nwrapper.vm.postContent = 'testContent'\nwrapper.vm.resetPContent()\nObject(chai__WEBPACK_IMPORTED_MODULE_1__[\"expect\"])(wrapper.vm.postContent).to.be.empty",
              "err": {},
              "uuid": "6b5a05db-f4bc-4f85-bdbb-c5fdc350cadc",
              "parentUUID": "deb5dc0c-50d6-492e-b137-4eedcc002124",
              "isHook": false,
              "skipped": false
            }
          ],
          "suites": [],
          "passes": [
            "6b5a05db-f4bc-4f85-bdbb-c5fdc350cadc"
          ],
          "failures": [],
          "pending": [],
          "skipped": [],
          "duration": 11,
          "root": false,
          "rootEmpty": false,
          "_timeout": 2000
        },
        {
          "uuid": "8b819d87-361f-4ab0-b225-4fbf2b561c26",
          "title": "replyInput.vue",
          "fullFile": "F:\\ECE_651\\Project_dev\\ece651-project\\vue-project\\dist\\js\\main.js",
          "file": "\\dist\\js\\main.js",
          "beforeHooks": [
            {
              "title": "\"before each\" hook",
              "fullTitle": "replyInput.vue \"before each\" hook",
              "timedOut": false,
              "duration": 0,
              "state": null,
              "speed": null,
              "pass": false,
              "fail": false,
              "pending": false,
              "context": null,
              "code": "// Contruct virtual vuex\ngetters = {\n  \"loginInfo/getLUName\": () => name,\n}\nstore = new vuex__WEBPACK_IMPORTED_MODULE_2__[\"default\"].Store({\n  getters\n})",
              "err": {},
              "uuid": "7af040b6-06e7-42a9-bd3c-6d754af0d05c",
              "parentUUID": "8b819d87-361f-4ab0-b225-4fbf2b561c26",
              "isHook": true,
              "skipped": false
            }
          ],
          "afterHooks": [],
          "tests": [
            {
              "title": "reset works well",
              "fullTitle": "replyInput.vue reset works well",
              "timedOut": false,
              "duration": 5,
              "state": "passed",
              "speed": "fast",
              "pass": true,
              "fail": false,
              "pending": false,
              "context": null,
              "code": "const wrapper = Object(_vue_test_utils__WEBPACK_IMPORTED_MODULE_0__[\"shallowMount\"])(_components_post_replyInput__WEBPACK_IMPORTED_MODULE_3__[\"default\"], {store, localVue})\nwrapper.vm.postReplyContent = 'testContent'\nwrapper.vm.resetCModal()\nObject(chai__WEBPACK_IMPORTED_MODULE_1__[\"expect\"])(wrapper.vm.postReplyContent).to.be.empty",
              "err": {},
              "uuid": "1cb8e510-e3ca-4152-a6b6-e74426d48229",
              "parentUUID": "8b819d87-361f-4ab0-b225-4fbf2b561c26",
              "isHook": false,
              "skipped": false
            }
          ],
          "suites": [],
          "passes": [
            "1cb8e510-e3ca-4152-a6b6-e74426d48229"
          ],
          "failures": [],
          "pending": [],
          "skipped": [],
          "duration": 5,
          "root": false,
          "rootEmpty": false,
          "_timeout": 2000
        }
      ],
      "passes": [],
      "failures": [],
      "pending": [],
      "skipped": [],
      "duration": 0,
      "root": true,
      "rootEmpty": true,
      "_timeout": 2000
    }
  ],
  "meta": {
    "mocha": {
      "version": "7.2.0"
    },
    "mochawesome": {
      "options": {
        "quiet": false,
        "reportFilename": "mochawesome",
        "saveHtml": true,
        "saveJson": true,
        "consoleReporter": "spec",
        "useInlineDiffs": false,
        "code": true
      },
      "version": "6.2.2"
    },
    "marge": {
      "options": {},
      "version": "5.2.0"
    }
  }
}