{
  "stats": {
    "suites": 15,
    "tests": 27,
    "passes": 27,
    "pending": 0,
    "failures": 0,
    "start": "2021-03-08T07:04:20.123Z",
    "end": "2021-03-08T07:04:23.783Z",
    "duration": 3660,
    "testsRegistered": 27,
    "passPercent": 100,
    "pendingPercent": 0,
    "other": 0,
    "hasOther": false,
    "skipped": 0,
    "hasSkipped": false
  },
  "results": [
    {
      "uuid": "18edbfa9-30f1-49ca-98f0-e00991859899",
      "title": "",
      "fullFile": "",
      "file": "",
      "beforeHooks": [],
      "afterHooks": [],
      "tests": [],
      "suites": [
        {
          "uuid": "c2f13144-79a4-4c64-8fe0-ed6fa5b0d95b",
          "title": "postCard.vue",
          "fullFile": "F:\\ECE_651\\Project_dev\\ece651-project\\vue-project\\dist\\js\\main.js",
          "file": "\\dist\\js\\main.js",
          "beforeHooks": [
            {
              "title": "\"before each\" hook",
              "fullTitle": "postCard.vue \"before each\" hook",
              "timedOut": false,
              "duration": 7,
              "state": null,
              "speed": null,
              "pass": false,
              "fail": false,
              "pending": false,
              "context": null,
              "code": "// Contruct virtual vuex\ngetters = {\n  \"loginInfo/getLUName\": () => name,\n}\nstore = new vuex__WEBPACK_IMPORTED_MODULE_2__[\"default\"].Store({\n  getters\n})",
              "err": {},
              "uuid": "2cf47d76-aa08-47ea-952b-709c649ece51",
              "parentUUID": "c2f13144-79a4-4c64-8fe0-ed6fa5b0d95b",
              "isHook": true,
              "skipped": false
            }
          ],
          "afterHooks": [],
          "tests": [
            {
              "title": "when visitor click like, show warning",
              "fullTitle": "postCard.vue when visitor click like, show warning",
              "timedOut": false,
              "duration": 477,
              "state": "passed",
              "speed": "slow",
              "pass": true,
              "fail": false,
              "pending": false,
              "context": null,
              "code": "const wrapper = Object(_vue_test_utils__WEBPACK_IMPORTED_MODULE_0__[\"mount\"])(_components_post_postCard__WEBPACK_IMPORTED_MODULE_4__[\"default\"], {store, localVue,\n  propsData: {\n    postContent: {post_createtime: 0}\n  }});\nconst likeButton = wrapper.find('b-list-group-item')\nname = ''\nlikeButton.trigger('click')\nwrapper.vm.$nextTick(() => {\n  Object(chai__WEBPACK_IMPORTED_MODULE_1__[\"expect\"])(wrapper.find('b-toast').exists()).to.be.ok\n})",
              "err": {},
              "uuid": "63b4d228-5234-44de-8a63-6d6a90dd137d",
              "parentUUID": "c2f13144-79a4-4c64-8fe0-ed6fa5b0d95b",
              "isHook": false,
              "skipped": false
            }
          ],
          "suites": [],
          "passes": [
            "63b4d228-5234-44de-8a63-6d6a90dd137d"
          ],
          "failures": [],
          "pending": [],
          "skipped": [],
          "duration": 477,
          "root": false,
          "rootEmpty": false,
          "_timeout": 2000
        },
        {
          "uuid": "1f1de577-d3e6-400a-9252-8f7f6f8d24e8",
          "title": "postCard",
          "fullFile": "F:\\ECE_651\\Project_dev\\ece651-project\\vue-project\\dist\\js\\main.js",
          "file": "\\dist\\js\\main.js",
          "beforeHooks": [
            {
              "title": "\"before each\" hook",
              "fullTitle": "postCard \"before each\" hook",
              "timedOut": false,
              "duration": 7,
              "state": null,
              "speed": null,
              "pass": false,
              "fail": false,
              "pending": false,
              "context": null,
              "code": "component = Object(_vue_test_utils__WEBPACK_IMPORTED_MODULE_1__[\"shallowMount\"])(_components_HelloWorld__WEBPACK_IMPORTED_MODULE_0__[\"default\"]);",
              "err": {},
              "uuid": "fb311cf4-18e8-4331-adb7-121f745cf5bf",
              "parentUUID": "1f1de577-d3e6-400a-9252-8f7f6f8d24e8",
              "isHook": true,
              "skipped": false
            }
          ],
          "afterHooks": [],
          "tests": [
            {
              "title": "should render Spinner on mount",
              "fullTitle": "postCard should render Spinner on mount",
              "timedOut": false,
              "duration": 1,
              "state": "passed",
              "speed": "fast",
              "pass": true,
              "fail": false,
              "pending": false,
              "context": null,
              "code": "Object(chai__WEBPACK_IMPORTED_MODULE_2__[\"expect\"])(component.find('Hello').exists()).to.be.not.true;",
              "err": {},
              "uuid": "fe7328a7-e026-4f07-8d75-38ddfa429c21",
              "parentUUID": "1f1de577-d3e6-400a-9252-8f7f6f8d24e8",
              "isHook": false,
              "skipped": false
            }
          ],
          "suites": [],
          "passes": [
            "fe7328a7-e026-4f07-8d75-38ddfa429c21"
          ],
          "failures": [],
          "pending": [],
          "skipped": [],
          "duration": 1,
          "root": false,
          "rootEmpty": false,
          "_timeout": 2000
        },
        {
          "uuid": "3830fe9d-bae8-4659-a31d-65397404dd4a",
          "title": "stickyHeader.vue",
          "fullFile": "F:\\ECE_651\\Project_dev\\ece651-project\\vue-project\\dist\\js\\main.js",
          "file": "\\dist\\js\\main.js",
          "beforeHooks": [
            {
              "title": "\"before each\" hook",
              "fullTitle": "stickyHeader.vue \"before each\" hook",
              "timedOut": false,
              "duration": 0,
              "state": null,
              "speed": null,
              "pass": false,
              "fail": false,
              "pending": false,
              "context": null,
              "code": "// Contruct virtual vuex\ngetters = {\n  \"loginInfo/getLUName\": () => name,\n  \"loginInfo/getLoginState\": () => logState,\n  \"newMessage/getNewMessageCount\": () => newsCounter\n}\nactions = {\n  \"loginInfo/userLogout\": () => {\n    name = '';\n    logState = false;\n  }\n}\nstore = new vuex__WEBPACK_IMPORTED_MODULE_2__[\"default\"].Store({\n  getters,\n  actions\n})",
              "err": {},
              "uuid": "76bb1924-2154-4388-a595-eb033a9d6413",
              "parentUUID": "3830fe9d-bae8-4659-a31d-65397404dd4a",
              "isHook": true,
              "skipped": false
            }
          ],
          "afterHooks": [],
          "tests": [
            {
              "title": "user name should be showed when the loginState is true",
              "fullTitle": "stickyHeader.vue user name should be showed when the loginState is true",
              "timedOut": false,
              "duration": 43,
              "state": "passed",
              "speed": "medium",
              "pass": true,
              "fail": false,
              "pending": false,
              "context": null,
              "code": "const wrapper = Object(_vue_test_utils__WEBPACK_IMPORTED_MODULE_0__[\"shallowMount\"])(_components_header_stickyHeader__WEBPACK_IMPORTED_MODULE_4__[\"default\"], {store, localVue});\nconst loginName = wrapper.findAll('b-nav-item').at(4).findAll('span').at(1)\nObject(chai__WEBPACK_IMPORTED_MODULE_1__[\"expect\"])(loginName.text()).to.equal(name)",
              "err": {},
              "uuid": "79b165b0-c720-453d-a4ef-17673e752807",
              "parentUUID": "3830fe9d-bae8-4659-a31d-65397404dd4a",
              "isHook": false,
              "skipped": false
            },
            {
              "title": "logout is correctly called",
              "fullTitle": "stickyHeader.vue logout is correctly called",
              "timedOut": false,
              "duration": 296,
              "state": "passed",
              "speed": "slow",
              "pass": true,
              "fail": false,
              "pending": false,
              "context": null,
              "code": "const wrapper = Object(_vue_test_utils__WEBPACK_IMPORTED_MODULE_0__[\"shallowMount\"])(_components_header_stickyHeader__WEBPACK_IMPORTED_MODULE_4__[\"default\"], {store, localVue});\nconst loginName = wrapper.findAll('b-nav-item').at(4).findAll('span').at(1)\nconst logout = wrapper.findAll('b-button-group').at(1).findAll('b-button').at(1)\nlogState = true\nObject(chai__WEBPACK_IMPORTED_MODULE_1__[\"expect\"])(loginName.text()).not.to.be.empty\nlogout.trigger('click')\nwrapper.vm.$nextTick(() => {\n  Object(chai__WEBPACK_IMPORTED_MODULE_1__[\"expect\"])(logState).to.be.equal(false)\n  Object(chai__WEBPACK_IMPORTED_MODULE_1__[\"expect\"])(loginName.text()).to.be.empty\n})",
              "err": {},
              "uuid": "5b6cce6c-d6e6-45e2-8e7b-d9c3e70e7990",
              "parentUUID": "3830fe9d-bae8-4659-a31d-65397404dd4a",
              "isHook": false,
              "skipped": false
            }
          ],
          "suites": [],
          "passes": [
            "79b165b0-c720-453d-a4ef-17673e752807",
            "5b6cce6c-d6e6-45e2-8e7b-d9c3e70e7990"
          ],
          "failures": [],
          "pending": [],
          "skipped": [],
          "duration": 339,
          "root": false,
          "rootEmpty": false,
          "_timeout": 2000
        },
        {
          "uuid": "eca3d42f-5771-4ba6-81fe-e9cb07eea63b",
          "title": "hotCard.vue",
          "fullFile": "F:\\ECE_651\\Project_dev\\ece651-project\\vue-project\\dist\\js\\main.js",
          "file": "\\dist\\js\\main.js",
          "beforeHooks": [],
          "afterHooks": [],
          "tests": [
            {
              "title": "correct moduleName value",
              "fullTitle": "hotCard.vue correct moduleName value",
              "timedOut": false,
              "duration": 6,
              "state": "passed",
              "speed": "fast",
              "pass": true,
              "fail": false,
              "pending": false,
              "context": null,
              "code": "const wrapper = Object(_vue_test_utils__WEBPACK_IMPORTED_MODULE_1__[\"shallowMount\"])(_components_home_hotCard__WEBPACK_IMPORTED_MODULE_0__[\"default\"], {propsData:{hotData: {module_name: 'life'}}})\nlet moduleName = wrapper.vm.moduleName\nObject(chai__WEBPACK_IMPORTED_MODULE_2__[\"expect\"])(moduleName).to.equal('LIFE CIRCLE')\nwrapper.vm.hotData.module_name = 'test'\nmoduleName = wrapper.vm.moduleName\nObject(chai__WEBPACK_IMPORTED_MODULE_2__[\"expect\"])(moduleName).to.equal('TEST')",
              "err": {},
              "uuid": "a7e8e770-efb4-42a7-879a-1967c87b69e3",
              "parentUUID": "eca3d42f-5771-4ba6-81fe-e9cb07eea63b",
              "isHook": false,
              "skipped": false
            }
          ],
          "suites": [],
          "passes": [
            "a7e8e770-efb4-42a7-879a-1967c87b69e3"
          ],
          "failures": [],
          "pending": [],
          "skipped": [],
          "duration": 6,
          "root": false,
          "rootEmpty": false,
          "_timeout": 2000
        },
        {
          "uuid": "8fd91493-b1ab-434a-ad09-74fd0b8f2eb0",
          "title": "loginCard.vue",
          "fullFile": "F:\\ECE_651\\Project_dev\\ece651-project\\vue-project\\dist\\js\\main.js",
          "file": "\\dist\\js\\main.js",
          "beforeHooks": [],
          "afterHooks": [],
          "tests": [
            {
              "title": "when click reset, flush all input",
              "fullTitle": "loginCard.vue when click reset, flush all input",
              "timedOut": false,
              "duration": 155,
              "state": "passed",
              "speed": "slow",
              "pass": true,
              "fail": false,
              "pending": false,
              "context": null,
              "code": "const wrapper = Object(_vue_test_utils__WEBPACK_IMPORTED_MODULE_0__[\"shallowMount\"])(_components_manage_loginCard__WEBPACK_IMPORTED_MODULE_3__[\"default\"]);\nconst resetButton = wrapper.findAll('b-button').at(1)\nwrapper.vm.loginInfo.username = 'testName'\nwrapper.vm.loginInfo.password = 123456\nwrapper.vm.show = true\nresetButton.trigger('click')\nwrapper.vm.$nextTick(() => {\n  Object(chai__WEBPACK_IMPORTED_MODULE_1__[\"expect\"])(wrapper.vm.loginInfo.username).to.be.equal('')\n  Object(chai__WEBPACK_IMPORTED_MODULE_1__[\"expect\"])(wrapper.vm.loginInfo.password).to.be.equal('')\n  Object(chai__WEBPACK_IMPORTED_MODULE_1__[\"expect\"])(wrapper.vm.show).not.to.be.ok\n})",
              "err": {},
              "uuid": "88e45abe-bdd3-46e0-9901-8781f1c821bc",
              "parentUUID": "8fd91493-b1ab-434a-ad09-74fd0b8f2eb0",
              "isHook": false,
              "skipped": false
            }
          ],
          "suites": [],
          "passes": [
            "88e45abe-bdd3-46e0-9901-8781f1c821bc"
          ],
          "failures": [],
          "pending": [],
          "skipped": [],
          "duration": 155,
          "root": false,
          "rootEmpty": false,
          "_timeout": 2000
        },
        {
          "uuid": "dde888dd-e873-4076-ae3f-a7192e9db747",
          "title": "registerCard.vue",
          "fullFile": "F:\\ECE_651\\Project_dev\\ece651-project\\vue-project\\dist\\js\\main.js",
          "file": "\\dist\\js\\main.js",
          "beforeHooks": [],
          "afterHooks": [],
          "tests": [
            {
              "title": "when click reset, flush all input",
              "fullTitle": "registerCard.vue when click reset, flush all input",
              "timedOut": false,
              "duration": 159,
              "state": "passed",
              "speed": "slow",
              "pass": true,
              "fail": false,
              "pending": false,
              "context": null,
              "code": "const wrapper = Object(_vue_test_utils__WEBPACK_IMPORTED_MODULE_0__[\"shallowMount\"])(_components_manage_registerCard__WEBPACK_IMPORTED_MODULE_3__[\"default\"]);\nconst resetButton = wrapper.findAll('b-button').at(1)\nwrapper.vm.registerForm.email = 'test@test.com'\nwrapper.vm.registerForm.username = 'testName'\nwrapper.vm.registerForm.password = 123456\nresetButton.trigger('click')\nwrapper.vm.$nextTick(() => {\n  Object(chai__WEBPACK_IMPORTED_MODULE_1__[\"expect\"])(wrapper.vm.registerForm.email).to.be.empty\n  Object(chai__WEBPACK_IMPORTED_MODULE_1__[\"expect\"])(wrapper.vm.registerForm.username).to.be.empty\n  Object(chai__WEBPACK_IMPORTED_MODULE_1__[\"expect\"])(wrapper.vm.registerForm.password).to.be.empty\n})",
              "err": {},
              "uuid": "d78fc7c8-cf09-4ece-9712-cbe10a9924bd",
              "parentUUID": "dde888dd-e873-4076-ae3f-a7192e9db747",
              "isHook": false,
              "skipped": false
            }
          ],
          "suites": [],
          "passes": [
            "d78fc7c8-cf09-4ece-9712-cbe10a9924bd"
          ],
          "failures": [],
          "pending": [],
          "skipped": [],
          "duration": 159,
          "root": false,
          "rootEmpty": false,
          "_timeout": 2000
        },
        {
          "uuid": "9c3d7da5-aace-4cbd-ae18-b0ed227b828b",
          "title": "updatePasswordCard.vue",
          "fullFile": "F:\\ECE_651\\Project_dev\\ece651-project\\vue-project\\dist\\js\\main.js",
          "file": "\\dist\\js\\main.js",
          "beforeHooks": [],
          "afterHooks": [],
          "tests": [
            {
              "title": "when click reset, flush all input",
              "fullTitle": "updatePasswordCard.vue when click reset, flush all input",
              "timedOut": false,
              "duration": 4,
              "state": "passed",
              "speed": "fast",
              "pass": true,
              "fail": false,
              "pending": false,
              "context": null,
              "code": "const wrapper = Object(_vue_test_utils__WEBPACK_IMPORTED_MODULE_0__[\"shallowMount\"])(_components_manage_updatePasswordCard__WEBPACK_IMPORTED_MODULE_3__[\"default\"]);\nwrapper.vm.newPassword = 123456\nwrapper.vm.resetPassword()\nObject(chai__WEBPACK_IMPORTED_MODULE_1__[\"expect\"])(wrapper.vm.newPassword).to.be.empty",
              "err": {},
              "uuid": "5d1158a9-8117-4bd9-8656-33b81c76d6b6",
              "parentUUID": "9c3d7da5-aace-4cbd-ae18-b0ed227b828b",
              "isHook": false,
              "skipped": false
            }
          ],
          "suites": [],
          "passes": [
            "5d1158a9-8117-4bd9-8656-33b81c76d6b6"
          ],
          "failures": [],
          "pending": [],
          "skipped": [],
          "duration": 4,
          "root": false,
          "rootEmpty": false,
          "_timeout": 2000
        },
        {
          "uuid": "81e87bc1-b60a-41f7-b966-4e5e4e18b811",
          "title": "moduleIntroInput.vue",
          "fullFile": "F:\\ECE_651\\Project_dev\\ece651-project\\vue-project\\dist\\js\\main.js",
          "file": "\\dist\\js\\main.js",
          "beforeHooks": [
            {
              "title": "\"before each\" hook",
              "fullTitle": "moduleIntroInput.vue \"before each\" hook",
              "timedOut": false,
              "duration": 0,
              "state": null,
              "speed": null,
              "pass": false,
              "fail": false,
              "pending": false,
              "context": null,
              "code": "//Construct virtual vuex store\ngetters = {\n  'moduleList/getModuleList': () => moduleList\n}\nstore = new vuex__WEBPACK_IMPORTED_MODULE_2__[\"default\"].Store({\n  getters\n})",
              "err": {},
              "uuid": "69631155-eaf3-4204-89db-e1120b49e96d",
              "parentUUID": "81e87bc1-b60a-41f7-b966-4e5e4e18b811",
              "isHook": true,
              "skipped": false
            }
          ],
          "afterHooks": [],
          "tests": [
            {
              "title": "reset button flushes all input",
              "fullTitle": "moduleIntroInput.vue reset button flushes all input",
              "timedOut": false,
              "duration": 9,
              "state": "passed",
              "speed": "fast",
              "pass": true,
              "fail": false,
              "pending": false,
              "context": null,
              "code": "const wrapper = Object(_vue_test_utils__WEBPACK_IMPORTED_MODULE_0__[\"shallowMount\"])(_components_module_moduleIntroInput__WEBPACK_IMPORTED_MODULE_4__[\"default\"], {store, localVue})\nconst resetButton = wrapper.findAll('b-button').at(0)\nwrapper.vm.introContent = 'test'\nresetButton.trigger('click')\nwrapper.vm.$nextTick(() => {\n  Object(chai__WEBPACK_IMPORTED_MODULE_1__[\"expect\"])(wrapper.vm.introContent).to.be.empty\n})",
              "err": {},
              "uuid": "8aefd23d-5475-4210-b2a8-bbd9bc227a21",
              "parentUUID": "81e87bc1-b60a-41f7-b966-4e5e4e18b811",
              "isHook": false,
              "skipped": false
            },
            {
              "title": "should show correct module intro",
              "fullTitle": "moduleIntroInput.vue should show correct module intro",
              "timedOut": false,
              "duration": 6,
              "state": "passed",
              "speed": "fast",
              "pass": true,
              "fail": false,
              "pending": false,
              "context": null,
              "code": "const wrapper = Object(_vue_test_utils__WEBPACK_IMPORTED_MODULE_0__[\"shallowMount\"])(_components_module_moduleIntroInput__WEBPACK_IMPORTED_MODULE_4__[\"default\"], {store, localVue})\nconst intro = wrapper.findAll('b-card-text').at(0)\nwrapper.vm.moduleIntro = 'testIntro'\nwrapper.vm.$nextTick(() => {\n  Object(chai__WEBPACK_IMPORTED_MODULE_1__[\"expect\"])(intro.text()).to.include('testIntro')\n})",
              "err": {},
              "uuid": "da576ec6-2ca6-4e4d-8f7e-27bd5aabf721",
              "parentUUID": "81e87bc1-b60a-41f7-b966-4e5e4e18b811",
              "isHook": false,
              "skipped": false
            },
            {
              "title": "should show correct module name in title",
              "fullTitle": "moduleIntroInput.vue should show correct module name in title",
              "timedOut": false,
              "duration": 8,
              "state": "passed",
              "speed": "fast",
              "pass": true,
              "fail": false,
              "pending": false,
              "context": null,
              "code": "const wrapper = Object(_vue_test_utils__WEBPACK_IMPORTED_MODULE_0__[\"shallowMount\"])(_components_module_moduleIntroInput__WEBPACK_IMPORTED_MODULE_4__[\"default\"], {store, localVue})\nconst title = wrapper.findAll('b-card-header').at(0)\nwrapper.vm.moduleName = 'testName'\nwrapper.vm.$nextTick(() => {\n  Object(chai__WEBPACK_IMPORTED_MODULE_1__[\"expect\"])(title.text()).to.include('testName')\n})",
              "err": {},
              "uuid": "4ed71b52-7461-4a49-84ab-ebce2030011c",
              "parentUUID": "81e87bc1-b60a-41f7-b966-4e5e4e18b811",
              "isHook": false,
              "skipped": false
            }
          ],
          "suites": [],
          "passes": [
            "8aefd23d-5475-4210-b2a8-bbd9bc227a21",
            "da576ec6-2ca6-4e4d-8f7e-27bd5aabf721",
            "4ed71b52-7461-4a49-84ab-ebce2030011c"
          ],
          "failures": [],
          "pending": [],
          "skipped": [],
          "duration": 23,
          "root": false,
          "rootEmpty": false,
          "_timeout": 2000
        },
        {
          "uuid": "4b62afe2-bd8f-4c70-80a0-0bf36ed1ccd9",
          "title": "moduleSideFunctions.vue",
          "fullFile": "F:\\ECE_651\\Project_dev\\ece651-project\\vue-project\\dist\\js\\main.js",
          "file": "\\dist\\js\\main.js",
          "beforeHooks": [
            {
              "title": "\"before each\" hook",
              "fullTitle": "moduleSideFunctions.vue \"before each\" hook",
              "timedOut": false,
              "duration": 0,
              "state": null,
              "speed": null,
              "pass": false,
              "fail": false,
              "pending": false,
              "context": null,
              "code": "//Construct virtual vuex store\ngetters = {\n  \"loginInfo/getLUName\": () => currentUser\n}\nstore = new vuex__WEBPACK_IMPORTED_MODULE_2__[\"default\"].Store({\n  getters\n})",
              "err": {},
              "uuid": "d5f8ff73-cde7-46b3-a038-69785f3f6e87",
              "parentUUID": "4b62afe2-bd8f-4c70-80a0-0bf36ed1ccd9",
              "isHook": true,
              "skipped": false
            }
          ],
          "afterHooks": [],
          "tests": [
            {
              "title": "should show correct point",
              "fullTitle": "moduleSideFunctions.vue should show correct point",
              "timedOut": false,
              "duration": 5,
              "state": "passed",
              "speed": "fast",
              "pass": true,
              "fail": false,
              "pending": false,
              "context": null,
              "code": "const wrapper = Object(_vue_test_utils__WEBPACK_IMPORTED_MODULE_0__[\"shallowMount\"])(_components_module_moduleSideFunctions__WEBPACK_IMPORTED_MODULE_4__[\"default\"], {store, localVue})\nwrapper.vm.points = 999\nwrapper.vm.$mount()\nconst point = wrapper.findAll('b-card').at(1)\nObject(chai__WEBPACK_IMPORTED_MODULE_1__[\"expect\"])(point.text()).to.include('999')",
              "err": {},
              "uuid": "ad80de53-90e9-461e-9db3-f1e10efc6518",
              "parentUUID": "4b62afe2-bd8f-4c70-80a0-0bf36ed1ccd9",
              "isHook": false,
              "skipped": false
            },
            {
              "title": "show error when have no enough quality to be administrator",
              "fullTitle": "moduleSideFunctions.vue show error when have no enough quality to be administrator",
              "timedOut": false,
              "duration": 10,
              "state": "passed",
              "speed": "fast",
              "pass": true,
              "fail": false,
              "pending": false,
              "context": null,
              "code": "const wrapper = Object(_vue_test_utils__WEBPACK_IMPORTED_MODULE_0__[\"shallowMount\"])(_components_module_moduleSideFunctions__WEBPACK_IMPORTED_MODULE_4__[\"default\"], {store, localVue})\nconst applyButton = wrapper.findAll('b-card').at(0)\nObject(chai__WEBPACK_IMPORTED_MODULE_1__[\"expect\"])(wrapper.vm.$el.classList.contains('error-toast')).to.be.false\napplyButton.trigger('click')\nwrapper.vm.$nextTick(()=>{\n  Object(chai__WEBPACK_IMPORTED_MODULE_1__[\"expect\"])(wrapper.vm.$el.classList.contains('error-toast')).to.be.true\n})",
              "err": {},
              "uuid": "6a432bf8-be04-494e-a914-00fc136696cd",
              "parentUUID": "4b62afe2-bd8f-4c70-80a0-0bf36ed1ccd9",
              "isHook": false,
              "skipped": false
            }
          ],
          "suites": [],
          "passes": [
            "ad80de53-90e9-461e-9db3-f1e10efc6518",
            "6a432bf8-be04-494e-a914-00fc136696cd"
          ],
          "failures": [],
          "pending": [],
          "skipped": [],
          "duration": 15,
          "root": false,
          "rootEmpty": false,
          "_timeout": 2000
        },
        {
          "uuid": "96163542-c969-4a4b-b563-3d2bd6b6b4ae",
          "title": "commentCard.vue",
          "fullFile": "F:\\ECE_651\\Project_dev\\ece651-project\\vue-project\\dist\\js\\main.js",
          "file": "\\dist\\js\\main.js",
          "beforeHooks": [
            {
              "title": "\"before each\" hook",
              "fullTitle": "commentCard.vue \"before each\" hook",
              "timedOut": false,
              "duration": 1,
              "state": null,
              "speed": null,
              "pass": false,
              "fail": false,
              "pending": false,
              "context": null,
              "code": "// Contruct virtual vuex\ngetters = {\n  \"loginInfo/getLUName\": () => name,\n}\nstore = new vuex__WEBPACK_IMPORTED_MODULE_2__[\"default\"].Store({\n  getters\n})",
              "err": {},
              "uuid": "7c32e618-f184-48e7-9738-a5ba4c281bdb",
              "parentUUID": "96163542-c969-4a4b-b563-3d2bd6b6b4ae",
              "isHook": true,
              "skipped": false
            }
          ],
          "afterHooks": [],
          "tests": [
            {
              "title": "show correct like count",
              "fullTitle": "commentCard.vue show correct like count",
              "timedOut": false,
              "duration": 22,
              "state": "passed",
              "speed": "fast",
              "pass": true,
              "fail": false,
              "pending": false,
              "context": null,
              "code": "const wrapper = Object(_vue_test_utils__WEBPACK_IMPORTED_MODULE_0__[\"mount\"])(_components_post_commentCard__WEBPACK_IMPORTED_MODULE_4__[\"default\"], {store, localVue,\n  propsData: {\n    commentData: {\n      post_createtime: 0,\n      comment_time: 0,\n      comment_id: 1,\n      comment_user: 'testUser',\n      comment_likes: 1}\n  }})\nlet likeCount = wrapper.findAll('b-badge').at(0).text()\nObject(chai__WEBPACK_IMPORTED_MODULE_1__[\"expect\"])(likeCount).to.equal('1')\nwrapper.vm.likeCount = 1\nwrapper.vm.$mount()\nlikeCount = wrapper.findAll('b-badge').at(0).text()\nObject(chai__WEBPACK_IMPORTED_MODULE_1__[\"expect\"])(likeCount).to.equal('2')\nwrapper.vm.likeCount = -1\nwrapper.vm.$mount()\nlikeCount = wrapper.findAll('b-badge').at(0).text()\nObject(chai__WEBPACK_IMPORTED_MODULE_1__[\"expect\"])(likeCount).to.equal('0')",
              "err": {},
              "uuid": "3ff06b97-21ac-416d-b9a3-1d6d2814a193",
              "parentUUID": "96163542-c969-4a4b-b563-3d2bd6b6b4ae",
              "isHook": false,
              "skipped": false
            },
            {
              "title": "show correct user name",
              "fullTitle": "commentCard.vue show correct user name",
              "timedOut": false,
              "duration": 21,
              "state": "passed",
              "speed": "fast",
              "pass": true,
              "fail": false,
              "pending": false,
              "context": null,
              "code": "const wrapper = Object(_vue_test_utils__WEBPACK_IMPORTED_MODULE_0__[\"mount\"])(_components_post_commentCard__WEBPACK_IMPORTED_MODULE_4__[\"default\"], {store, localVue,\n  propsData: {\n    commentData: {\n      post_createtime: 0,\n      comment_id: 1,\n      comment_user: 'testUser',\n      comment_likes: 1}\n  }})\nlet commentUser = wrapper.findAll('b-col').at(2).text()\nObject(chai__WEBPACK_IMPORTED_MODULE_1__[\"expect\"])(commentUser).to.include('testUser')",
              "err": {},
              "uuid": "d62d15d1-1ffc-4922-9781-b12366522847",
              "parentUUID": "96163542-c969-4a4b-b563-3d2bd6b6b4ae",
              "isHook": false,
              "skipped": false
            },
            {
              "title": "show correct comment time",
              "fullTitle": "commentCard.vue show correct comment time",
              "timedOut": false,
              "duration": 22,
              "state": "passed",
              "speed": "fast",
              "pass": true,
              "fail": false,
              "pending": false,
              "context": null,
              "code": "const wrapper = Object(_vue_test_utils__WEBPACK_IMPORTED_MODULE_0__[\"mount\"])(_components_post_commentCard__WEBPACK_IMPORTED_MODULE_4__[\"default\"], {store, localVue,\n  propsData: {\n    commentData: {\n      comment_content: 'testContent',\n      comment_id: 1,\n      comment_user: 'testUser',\n      comment_likes: 1}\n  }})\nlet commentTime = wrapper.findAll('b-row').at(2).text()\nObject(chai__WEBPACK_IMPORTED_MODULE_1__[\"expect\"])(commentTime).to.include('testContent')",
              "err": {},
              "uuid": "0dec853a-6e99-49aa-a162-6301f6d963c1",
              "parentUUID": "96163542-c969-4a4b-b563-3d2bd6b6b4ae",
              "isHook": false,
              "skipped": false
            }
          ],
          "suites": [],
          "passes": [
            "3ff06b97-21ac-416d-b9a3-1d6d2814a193",
            "d62d15d1-1ffc-4922-9781-b12366522847",
            "0dec853a-6e99-49aa-a162-6301f6d963c1"
          ],
          "failures": [],
          "pending": [],
          "skipped": [],
          "duration": 65,
          "root": false,
          "rootEmpty": false,
          "_timeout": 2000
        },
        {
          "uuid": "c9b3451d-bef7-4159-9124-e9d0b36a2124",
          "title": "commentInput.vue",
          "fullFile": "F:\\ECE_651\\Project_dev\\ece651-project\\vue-project\\dist\\js\\main.js",
          "file": "\\dist\\js\\main.js",
          "beforeHooks": [
            {
              "title": "\"before each\" hook",
              "fullTitle": "commentInput.vue \"before each\" hook",
              "timedOut": false,
              "duration": 0,
              "state": null,
              "speed": null,
              "pass": false,
              "fail": false,
              "pending": false,
              "context": null,
              "code": "// Contruct virtual vuex\ngetters = {\n  \"loginInfo/getLUName\": () => name,\n}\nstore = new vuex__WEBPACK_IMPORTED_MODULE_2__[\"default\"].Store({\n  getters\n})",
              "err": {},
              "uuid": "a6143944-f2e4-4259-9768-9aaf4cb35088",
              "parentUUID": "c9b3451d-bef7-4159-9124-e9d0b36a2124",
              "isHook": true,
              "skipped": false
            }
          ],
          "afterHooks": [],
          "tests": [
            {
              "title": "reset button works well",
              "fullTitle": "commentInput.vue reset button works well",
              "timedOut": false,
              "duration": 4,
              "state": "passed",
              "speed": "fast",
              "pass": true,
              "fail": false,
              "pending": false,
              "context": null,
              "code": "const wrapper = Object(_vue_test_utils__WEBPACK_IMPORTED_MODULE_0__[\"shallowMount\"])(_components_post_commentInput__WEBPACK_IMPORTED_MODULE_6__[\"default\"], {store, localVue, propsData:{commentId:2}})\nwrapper.vm.postCommentContent = 'testContent'\nwrapper.vm.resetCModal()\nwrapper.vm.$mount()\nObject(chai__WEBPACK_IMPORTED_MODULE_1__[\"expect\"])(wrapper.vm.postCommentContent).to.be.empty",
              "err": {},
              "uuid": "1facd9ee-a77b-4746-97bb-d80129c1d8f3",
              "parentUUID": "c9b3451d-bef7-4159-9124-e9d0b36a2124",
              "isHook": false,
              "skipped": false
            }
          ],
          "suites": [],
          "passes": [
            "1facd9ee-a77b-4746-97bb-d80129c1d8f3"
          ],
          "failures": [],
          "pending": [],
          "skipped": [],
          "duration": 4,
          "root": false,
          "rootEmpty": false,
          "_timeout": 2000
        },
        {
          "uuid": "7ad85ffe-090a-4190-af44-588fcf839eeb",
          "title": "commentReplyCard.vue",
          "fullFile": "F:\\ECE_651\\Project_dev\\ece651-project\\vue-project\\dist\\js\\main.js",
          "file": "\\dist\\js\\main.js",
          "beforeHooks": [
            {
              "title": "\"before each\" hook",
              "fullTitle": "commentReplyCard.vue \"before each\" hook",
              "timedOut": false,
              "duration": 0,
              "state": null,
              "speed": null,
              "pass": false,
              "fail": false,
              "pending": false,
              "context": null,
              "code": "// Contruct virtual vuex\ngetters = {\n  \"loginInfo/getLUName\": () => name,\n}\nstore = new vuex__WEBPACK_IMPORTED_MODULE_2__[\"default\"].Store({\n  getters\n})",
              "err": {},
              "uuid": "1d778541-5b09-4333-9b01-06e9bc5d9169",
              "parentUUID": "7ad85ffe-090a-4190-af44-588fcf839eeb",
              "isHook": true,
              "skipped": false
            }
          ],
          "afterHooks": [],
          "tests": [
            {
              "title": "show correct from user",
              "fullTitle": "commentReplyCard.vue show correct from user",
              "timedOut": false,
              "duration": 11,
              "state": "passed",
              "speed": "fast",
              "pass": true,
              "fail": false,
              "pending": false,
              "context": null,
              "code": "const wrapper = Object(_vue_test_utils__WEBPACK_IMPORTED_MODULE_0__[\"shallowMount\"])(_components_post_commentReplyCard__WEBPACK_IMPORTED_MODULE_3__[\"default\"], {store, localVue,\n  propsData: {\n    replyData: {\n      creply_time: 0,\n      reply_id: 1,\n      from_user: 'testFromUser',\n      to_user: 'testToUser',\n      creply_content: 'testContent'}\n  }})\nconst fromUser = wrapper.findAll('b-col').at(2)\nObject(chai__WEBPACK_IMPORTED_MODULE_1__[\"expect\"])(fromUser.text()).to.include('testFromUser')",
              "err": {},
              "uuid": "b2ca9c13-a75d-46ed-bb32-d6ee1a56761d",
              "parentUUID": "7ad85ffe-090a-4190-af44-588fcf839eeb",
              "isHook": false,
              "skipped": false
            },
            {
              "title": "show correct to user and content",
              "fullTitle": "commentReplyCard.vue show correct to user and content",
              "timedOut": false,
              "duration": 17,
              "state": "passed",
              "speed": "fast",
              "pass": true,
              "fail": false,
              "pending": false,
              "context": null,
              "code": "const wrapper = Object(_vue_test_utils__WEBPACK_IMPORTED_MODULE_0__[\"shallowMount\"])(_components_post_commentReplyCard__WEBPACK_IMPORTED_MODULE_3__[\"default\"], {store, localVue,\n  propsData: {\n    replyData: {\n      creply_time: 0,\n      reply_id: 1,\n      from_user: 'testFromUser',\n      to_user: 'testToUser',\n      creply_content: 'testContent'}\n  }})\nconst toUserContent = wrapper.findAll('b-row').at(2)\nObject(chai__WEBPACK_IMPORTED_MODULE_1__[\"expect\"])(toUserContent.text()).to.include('testToUser')\nObject(chai__WEBPACK_IMPORTED_MODULE_1__[\"expect\"])(toUserContent.text()).to.include('testContent')",
              "err": {},
              "uuid": "6930dc5a-18ae-4aea-91ff-e71ad3de418a",
              "parentUUID": "7ad85ffe-090a-4190-af44-588fcf839eeb",
              "isHook": false,
              "skipped": false
            }
          ],
          "suites": [],
          "passes": [
            "b2ca9c13-a75d-46ed-bb32-d6ee1a56761d",
            "6930dc5a-18ae-4aea-91ff-e71ad3de418a"
          ],
          "failures": [],
          "pending": [],
          "skipped": [],
          "duration": 28,
          "root": false,
          "rootEmpty": false,
          "_timeout": 2000
        },
        {
          "uuid": "f66cf65d-1ec4-4cc4-9d78-373cd42c19ee",
          "title": "postCard.vue",
          "fullFile": "F:\\ECE_651\\Project_dev\\ece651-project\\vue-project\\dist\\js\\main.js",
          "file": "\\dist\\js\\main.js",
          "beforeHooks": [
            {
              "title": "\"before each\" hook",
              "fullTitle": "postCard.vue \"before each\" hook",
              "timedOut": false,
              "duration": 0,
              "state": null,
              "speed": null,
              "pass": false,
              "fail": false,
              "pending": false,
              "context": null,
              "code": "// Contruct virtual vuex\ngetters = {\n  \"loginInfo/getLUName\": () => name,\n}\nstore = new vuex__WEBPACK_IMPORTED_MODULE_2__[\"default\"].Store({\n  getters\n})",
              "err": {},
              "uuid": "9f48b949-ea29-4ef0-9379-242fe71c29d0",
              "parentUUID": "f66cf65d-1ec4-4cc4-9d78-373cd42c19ee",
              "isHook": true,
              "skipped": false
            }
          ],
          "afterHooks": [],
          "tests": [
            {
              "title": "show correct post author",
              "fullTitle": "postCard.vue show correct post author",
              "timedOut": false,
              "duration": 24,
              "state": "passed",
              "speed": "fast",
              "pass": true,
              "fail": false,
              "pending": false,
              "context": null,
              "code": "const wrapper = Object(_vue_test_utils__WEBPACK_IMPORTED_MODULE_0__[\"shallowMount\"])(_components_post_postCard__WEBPACK_IMPORTED_MODULE_3__[\"default\"], {store, localVue,\n  propsData: {\n    postContent: {\n      post_createtime: 0,\n      post_id: 1,\n      post_likes: 1,\n      post_author: 'testAuthor',\n      post_content: 'testContent'}\n  }})\nconst postAuthor = wrapper.findAll('b-col').at(1)\nObject(chai__WEBPACK_IMPORTED_MODULE_1__[\"expect\"])(postAuthor.text()).to.include('testAuthor')",
              "err": {},
              "uuid": "400c1d36-f05a-44e0-b8c9-5205a9b473f4",
              "parentUUID": "f66cf65d-1ec4-4cc4-9d78-373cd42c19ee",
              "isHook": false,
              "skipped": false
            },
            {
              "title": "show correct post content",
              "fullTitle": "postCard.vue show correct post content",
              "timedOut": false,
              "duration": 24,
              "state": "passed",
              "speed": "fast",
              "pass": true,
              "fail": false,
              "pending": false,
              "context": null,
              "code": "const wrapper = Object(_vue_test_utils__WEBPACK_IMPORTED_MODULE_0__[\"shallowMount\"])(_components_post_postCard__WEBPACK_IMPORTED_MODULE_3__[\"default\"], {store, localVue,\n  propsData: {\n    postContent: {\n      post_createtime: 0,\n      post_id: 1,\n      post_likes: 1,\n      post_author: 'testAuthor',\n      post_content: 'testContent'}\n  }})\nconst postContent = wrapper.findAll('b-card-text').at(0)\nObject(chai__WEBPACK_IMPORTED_MODULE_1__[\"expect\"])(postContent.text()).to.include('testContent')",
              "err": {},
              "uuid": "83b63067-41f7-44d2-a40f-71b6ec3483f8",
              "parentUUID": "f66cf65d-1ec4-4cc4-9d78-373cd42c19ee",
              "isHook": false,
              "skipped": false
            },
            {
              "title": "show correct post like count",
              "fullTitle": "postCard.vue show correct post like count",
              "timedOut": false,
              "duration": 33,
              "state": "passed",
              "speed": "fast",
              "pass": true,
              "fail": false,
              "pending": false,
              "context": null,
              "code": "const wrapper = Object(_vue_test_utils__WEBPACK_IMPORTED_MODULE_0__[\"shallowMount\"])(_components_post_postCard__WEBPACK_IMPORTED_MODULE_3__[\"default\"], {store, localVue,\n  propsData: {\n    postContent: {\n      post_createtime: 0,\n      post_id: 1,\n      post_likes: 1,\n      post_author: 'testAuthor',\n      post_content: 'testContent'}\n  }})\nlet postLike = wrapper.findAll('b-badge').at(0)\nwrapper.vm.likeCount = 0\nwrapper.vm.$mount()\npostLike = wrapper.findAll('b-badge').at(0)\nObject(chai__WEBPACK_IMPORTED_MODULE_1__[\"expect\"])(postLike.text()).to.equal('1')\nwrapper.vm.likeCount = 1\nwrapper.vm.$mount()\npostLike = wrapper.findAll('b-badge').at(0)\nObject(chai__WEBPACK_IMPORTED_MODULE_1__[\"expect\"])(postLike.text()).to.equal('2')\nwrapper.vm.likeCount = -1\nwrapper.vm.$mount()\npostLike = wrapper.findAll('b-badge').at(0)\nObject(chai__WEBPACK_IMPORTED_MODULE_1__[\"expect\"])(postLike.text()).to.equal('0')",
              "err": {},
              "uuid": "71b345b8-d03d-4863-86a5-fdcbdeda7d18",
              "parentUUID": "f66cf65d-1ec4-4cc4-9d78-373cd42c19ee",
              "isHook": false,
              "skipped": false
            },
            {
              "title": "show correct content count",
              "fullTitle": "postCard.vue show correct content count",
              "timedOut": false,
              "duration": 22,
              "state": "passed",
              "speed": "fast",
              "pass": true,
              "fail": false,
              "pending": false,
              "context": null,
              "code": "const wrapper = Object(_vue_test_utils__WEBPACK_IMPORTED_MODULE_0__[\"shallowMount\"])(_components_post_postCard__WEBPACK_IMPORTED_MODULE_3__[\"default\"], {store, localVue,\n  propsData: {\n    postContent: {\n      post_createtime: 0,\n      post_id: 1,\n      post_likes: 1,\n      post_author: 'testAuthor',\n      post_content: 'testContent'}\n  }})\nwrapper.vm.comments = ['testComment1', \"testComment2\"]\nwrapper.vm.$mount()\nconst contentCount = wrapper.findAll('b-badge').at(1)\nObject(chai__WEBPACK_IMPORTED_MODULE_1__[\"expect\"])(contentCount.text()).to.equal('2')",
              "err": {},
              "uuid": "d2027c1e-79e4-4a40-a10a-cdcc62c1ea72",
              "parentUUID": "f66cf65d-1ec4-4cc4-9d78-373cd42c19ee",
              "isHook": false,
              "skipped": false
            },
            {
              "title": "show correct comment collapse",
              "fullTitle": "postCard.vue show correct comment collapse",
              "timedOut": false,
              "duration": 34,
              "state": "passed",
              "speed": "fast",
              "pass": true,
              "fail": false,
              "pending": false,
              "context": null,
              "code": "const wrapper = Object(_vue_test_utils__WEBPACK_IMPORTED_MODULE_0__[\"shallowMount\"])(_components_post_postCard__WEBPACK_IMPORTED_MODULE_3__[\"default\"], {store, localVue,\n  propsData: {\n    postContent: {\n      post_createtime: 0,\n      post_id: 1,\n      post_likes: 1,\n      post_author: 'testAuthor',\n      post_content: 'testContent'}\n  }})\nconst commentButton = wrapper.findAll('b-button').at(1)\nwrapper.vm.comments = ['testComment1', \"testComment2\"]\nwrapper.vm.$mount()\nObject(chai__WEBPACK_IMPORTED_MODULE_1__[\"expect\"])(wrapper.vm.$el.classList.contains('comment-collapse')).to.not.be.ok\ncommentButton.trigger('click')\nwrapper.vm.$nextTick(()=>{\n  Object(chai__WEBPACK_IMPORTED_MODULE_1__[\"expect\"])(wrapper.vm.$el.classList.contains('comment-collapse')).to.be.ok\n})\nwrapper.vm.comments = []\nwrapper.vm.$mount()\ncommentButton.trigger('click')\nwrapper.vm.$nextTick(()=>{\n  Object(chai__WEBPACK_IMPORTED_MODULE_1__[\"expect\"])(wrapper.findAll('b-collapse').at(0).text()).to.include('no comment')\n})",
              "err": {},
              "uuid": "c3cc64ac-4ed5-4698-bd9f-e2c5f5149d42",
              "parentUUID": "f66cf65d-1ec4-4cc4-9d78-373cd42c19ee",
              "isHook": false,
              "skipped": false
            },
            {
              "title": "show correct like collapse",
              "fullTitle": "postCard.vue show correct like collapse",
              "timedOut": false,
              "duration": 33,
              "state": "passed",
              "speed": "fast",
              "pass": true,
              "fail": false,
              "pending": false,
              "context": null,
              "code": "const wrapper = Object(_vue_test_utils__WEBPACK_IMPORTED_MODULE_0__[\"shallowMount\"])(_components_post_postCard__WEBPACK_IMPORTED_MODULE_3__[\"default\"], {store, localVue,\n  propsData: {\n    postContent: {\n      post_createtime: 0,\n      post_id: 1,\n      post_likes: 1,\n      post_author: 'testAuthor',\n      post_content: 'testContent'}\n  }})\nconst likeButton = wrapper.findAll('b-list-group-item').at(1)\nlet likeHover\nwrapper.vm.likes = ['testLike1', \"testLike2\"]\nwrapper.vm.$mount()\nObject(chai__WEBPACK_IMPORTED_MODULE_1__[\"expect\"])(wrapper.vm.$el.classList.contains('like-popover')).to.not.be.ok\nlikeButton.trigger('hover')\nwrapper.vm.$nextTick(()=>{\n  likeHover = wrapper.findAll('b-popover').at(0)\n  likeHover.trigger('click')\n  wrapper.vm.$nextTick(()=>{\n    Object(chai__WEBPACK_IMPORTED_MODULE_1__[\"expect\"])(wrapper.vm.$el.classList.contains('like-collapse')).to.be.ok\n  })\n})\nwrapper.vm.likes = []\nwrapper.vm.$mount()\nObject(chai__WEBPACK_IMPORTED_MODULE_1__[\"expect\"])(wrapper.vm.$el.classList.contains('like-popover')).to.not.be.ok\nlikeButton.trigger('hover')\nwrapper.vm.$nextTick(()=>{\n  likeHover = wrapper.findAll('b-popover').at(0)\n  likeHover.trigger('click')\n  wrapper.vm.$nextTick(()=>{\n    Object(chai__WEBPACK_IMPORTED_MODULE_1__[\"expect\"])(wrapper.vm.$el.classList.contains('like-collapse')).to.be.ok\n    Object(chai__WEBPACK_IMPORTED_MODULE_1__[\"expect\"])(wrapper.findAll('b-collapse').at(0)).to.include('Nobody likes')\n  })\n})",
              "err": {},
              "uuid": "94494268-ea3d-44e5-bce7-a35d258c6586",
              "parentUUID": "f66cf65d-1ec4-4cc4-9d78-373cd42c19ee",
              "isHook": false,
              "skipped": false
            }
          ],
          "suites": [],
          "passes": [
            "400c1d36-f05a-44e0-b8c9-5205a9b473f4",
            "83b63067-41f7-44d2-a40f-71b6ec3483f8",
            "71b345b8-d03d-4863-86a5-fdcbdeda7d18",
            "d2027c1e-79e4-4a40-a10a-cdcc62c1ea72",
            "c3cc64ac-4ed5-4698-bd9f-e2c5f5149d42",
            "94494268-ea3d-44e5-bce7-a35d258c6586"
          ],
          "failures": [],
          "pending": [],
          "skipped": [],
          "duration": 170,
          "root": false,
          "rootEmpty": false,
          "_timeout": 2000
        },
        {
          "uuid": "f91065ad-c112-424a-807c-ce93d69ca806",
          "title": "postInput.vue",
          "fullFile": "F:\\ECE_651\\Project_dev\\ece651-project\\vue-project\\dist\\js\\main.js",
          "file": "\\dist\\js\\main.js",
          "beforeHooks": [
            {
              "title": "\"before each\" hook",
              "fullTitle": "postInput.vue \"before each\" hook",
              "timedOut": false,
              "duration": 0,
              "state": null,
              "speed": null,
              "pass": false,
              "fail": false,
              "pending": false,
              "context": null,
              "code": "// Contruct virtual vuex\ngetters = {\n  \"loginInfo/getLUName\": () => name,\n}\nstore = new vuex__WEBPACK_IMPORTED_MODULE_2__[\"default\"].Store({\n  getters\n})",
              "err": {},
              "uuid": "6dd688bf-e431-4632-b4ac-6b82117c4299",
              "parentUUID": "f91065ad-c112-424a-807c-ce93d69ca806",
              "isHook": true,
              "skipped": false
            }
          ],
          "afterHooks": [],
          "tests": [
            {
              "title": "reset works well",
              "fullTitle": "postInput.vue reset works well",
              "timedOut": false,
              "duration": 6,
              "state": "passed",
              "speed": "fast",
              "pass": true,
              "fail": false,
              "pending": false,
              "context": null,
              "code": "const wrapper = Object(_vue_test_utils__WEBPACK_IMPORTED_MODULE_0__[\"shallowMount\"])(_components_post_postInput__WEBPACK_IMPORTED_MODULE_3__[\"default\"], {store, localVue})\nwrapper.vm.postContent = 'testContent'\nwrapper.vm.resetPContent()\nObject(chai__WEBPACK_IMPORTED_MODULE_1__[\"expect\"])(wrapper.vm.postContent).to.be.empty",
              "err": {},
              "uuid": "97604310-2a1d-4aed-9619-fbc6fe6d6e95",
              "parentUUID": "f91065ad-c112-424a-807c-ce93d69ca806",
              "isHook": false,
              "skipped": false
            }
          ],
          "suites": [],
          "passes": [
            "97604310-2a1d-4aed-9619-fbc6fe6d6e95"
          ],
          "failures": [],
          "pending": [],
          "skipped": [],
          "duration": 6,
          "root": false,
          "rootEmpty": false,
          "_timeout": 2000
        },
        {
          "uuid": "90b28f25-97d1-4a14-95d8-d457c822c9d2",
          "title": "replyInput.vue",
          "fullFile": "F:\\ECE_651\\Project_dev\\ece651-project\\vue-project\\dist\\js\\main.js",
          "file": "\\dist\\js\\main.js",
          "beforeHooks": [
            {
              "title": "\"before each\" hook",
              "fullTitle": "replyInput.vue \"before each\" hook",
              "timedOut": false,
              "duration": 0,
              "state": null,
              "speed": null,
              "pass": false,
              "fail": false,
              "pending": false,
              "context": null,
              "code": "// Contruct virtual vuex\ngetters = {\n  \"loginInfo/getLUName\": () => name,\n}\nstore = new vuex__WEBPACK_IMPORTED_MODULE_2__[\"default\"].Store({\n  getters\n})",
              "err": {},
              "uuid": "5ad66a15-0834-4c7f-9340-2674279338a2",
              "parentUUID": "90b28f25-97d1-4a14-95d8-d457c822c9d2",
              "isHook": true,
              "skipped": false
            }
          ],
          "afterHooks": [],
          "tests": [
            {
              "title": "reset works well",
              "fullTitle": "replyInput.vue reset works well",
              "timedOut": false,
              "duration": 5,
              "state": "passed",
              "speed": "fast",
              "pass": true,
              "fail": false,
              "pending": false,
              "context": null,
              "code": "const wrapper = Object(_vue_test_utils__WEBPACK_IMPORTED_MODULE_0__[\"shallowMount\"])(_components_post_replyInput__WEBPACK_IMPORTED_MODULE_3__[\"default\"], {store, localVue})\nwrapper.vm.postReplyContent = 'testContent'\nwrapper.vm.resetCModal()\nObject(chai__WEBPACK_IMPORTED_MODULE_1__[\"expect\"])(wrapper.vm.postReplyContent).to.be.empty",
              "err": {},
              "uuid": "27a96957-3cec-4b24-bea9-855a84279ebe",
              "parentUUID": "90b28f25-97d1-4a14-95d8-d457c822c9d2",
              "isHook": false,
              "skipped": false
            }
          ],
          "suites": [],
          "passes": [
            "27a96957-3cec-4b24-bea9-855a84279ebe"
          ],
          "failures": [],
          "pending": [],
          "skipped": [],
          "duration": 5,
          "root": false,
          "rootEmpty": false,
          "_timeout": 2000
        }
      ],
      "passes": [],
      "failures": [],
      "pending": [],
      "skipped": [],
      "duration": 0,
      "root": true,
      "rootEmpty": true,
      "_timeout": 2000
    }
  ],
  "meta": {
    "mocha": {
      "version": "7.2.0"
    },
    "mochawesome": {
      "options": {
        "quiet": false,
        "reportFilename": "mochawesome",
        "saveHtml": true,
        "saveJson": true,
        "consoleReporter": "spec",
        "useInlineDiffs": false,
        "code": true
      },
      "version": "6.2.2"
    },
    "marge": {
      "options": {},
      "version": "5.2.0"
    }
  }
}